{"meta": {"format": 3, "version": "7.11.3", "timestamp": "2025-11-16T18:42:24.550964", "branch_coverage": false, "show_contexts": false}, "files": {"admetrics/__init__.py": {"executed_lines": [1, 10, 11, 14, 42, 52, 66, 78, 88, 103, 114, 125], "summary": {"covered_lines": 11, "num_statements": 11, "percent_covered": 100.0, "percent_covered_display": "100", "missing_lines": 0, "excluded_lines": 0}, "missing_lines": [], "excluded_lines": [], "functions": {"": {"executed_lines": [1, 10, 11, 14, 42, 52, 66, 78, 88, 103, 114, 125], "summary": {"covered_lines": 11, "num_statements": 11, "percent_covered": 100.0, "percent_covered_display": "100", "missing_lines": 0, "excluded_lines": 0}, "missing_lines": [], "excluded_lines": []}}, "classes": {"": {"executed_lines": [1, 10, 11, 14, 42, 52, 66, 78, 88, 103, 114, 125], "summary": {"covered_lines": 11, "num_statements": 11, "percent_covered": 100.0, "percent_covered_display": "100", "missing_lines": 0, "excluded_lines": 0}, "missing_lines": [], "excluded_lines": []}}}, "admetrics/detection/__init__.py": {"executed_lines": [1, 3, 9, 15, 20, 25, 31, 40], "summary": {"covered_lines": 7, "num_statements": 7, "percent_covered": 100.0, "percent_covered_display": "100", "missing_lines": 0, "excluded_lines": 0}, "missing_lines": [], "excluded_lines": [], "functions": {"": {"executed_lines": [1, 3, 9, 15, 20, 25, 31, 40], "summary": {"covered_lines": 7, "num_statements": 7, "percent_covered": 100.0, "percent_covered_display": "100", "missing_lines": 0, "excluded_lines": 0}, "missing_lines": [], "excluded_lines": []}}, "classes": {"": {"executed_lines": [1, 3, 9, 15, 20, 25, 31, 40], "summary": {"covered_lines": 7, "num_statements": 7, "percent_covered": 100.0, "percent_covered_display": "100", "missing_lines": 0, "excluded_lines": 0}, "missing_lines": [], "excluded_lines": []}}}, "admetrics/detection/aos.py": {"executed_lines": [1, 7, 8, 11, 46, 49, 52, 54, 55, 56, 57, 60, 61, 62, 64, 65, 66, 68, 69, 71, 73, 74, 75, 78, 79, 80, 83, 84, 86, 87, 89, 90, 93, 94, 97, 100, 101, 104, 105, 108, 111, 114, 116, 126, 143, 144, 147, 149, 152, 160, 161, 164, 165, 168, 169, 172, 173, 175, 176, 177, 178, 180, 182, 185, 204, 205, 207, 209, 211, 212, 217, 220, 226, 228, 231, 248, 249, 251, 252], "summary": {"covered_lines": 78, "num_statements": 81, "percent_covered": 96.29629629629629, "percent_covered_display": "96", "missing_lines": 3, "excluded_lines": 0}, "missing_lines": [253, 254, 256], "excluded_lines": [], "functions": {"calculate_aos": {"executed_lines": [46, 49, 52, 54, 55, 56, 57, 60, 61, 62, 64, 65, 66, 68, 69, 71, 73, 74, 75, 78, 79, 80, 83, 84, 86, 87, 89, 90, 93, 94, 97, 100, 101, 104, 105, 108, 111, 114, 116], "summary": {"covered_lines": 39, "num_statements": 39, "percent_covered": 100.0, "percent_covered_display": "100", "missing_lines": 0, "excluded_lines": 0}, "missing_lines": [], "excluded_lines": []}, "calculate_orientation_similarity": {"executed_lines": [143, 144, 147, 149], "summary": {"covered_lines": 4, "num_statements": 4, "percent_covered": 100.0, "percent_covered_display": "100", "missing_lines": 0, "excluded_lines": 0}, "missing_lines": [], "excluded_lines": []}, "_compute_aos_interp": {"executed_lines": [160, 161, 164, 165, 168, 169, 172, 173, 175, 176, 177, 178, 180, 182], "summary": {"covered_lines": 14, "num_statements": 14, "percent_covered": 100.0, "percent_covered_display": "100", "missing_lines": 0, "excluded_lines": 0}, "missing_lines": [], "excluded_lines": []}, "calculate_aos_per_difficulty": {"executed_lines": [204, 205, 207, 209, 211, 212, 217, 220, 226, 228], "summary": {"covered_lines": 10, "num_statements": 10, "percent_covered": 100.0, "percent_covered_display": "100", "missing_lines": 0, "excluded_lines": 0}, "missing_lines": [], "excluded_lines": []}, "calculate_orientation_error": {"executed_lines": [248, 249, 251, 252], "summary": {"covered_lines": 4, "num_statements": 7, "percent_covered": 57.142857142857146, "percent_covered_display": "57", "missing_lines": 3, "excluded_lines": 0}, "missing_lines": [253, 254, 256], "excluded_lines": []}, "": {"executed_lines": [1, 7, 8, 11, 126, 152, 185, 231], "summary": {"covered_lines": 7, "num_statements": 7, "percent_covered": 100.0, "percent_covered_display": "100", "missing_lines": 0, "excluded_lines": 0}, "missing_lines": [], "excluded_lines": []}}, "classes": {"": {"executed_lines": [1, 7, 8, 11, 46, 49, 52, 54, 55, 56, 57, 60, 61, 62, 64, 65, 66, 68, 69, 71, 73, 74, 75, 78, 79, 80, 83, 84, 86, 87, 89, 90, 93, 94, 97, 100, 101, 104, 105, 108, 111, 114, 116, 126, 143, 144, 147, 149, 152, 160, 161, 164, 165, 168, 169, 172, 173, 175, 176, 177, 178, 180, 182, 185, 204, 205, 207, 209, 211, 212, 217, 220, 226, 228, 231, 248, 249, 251, 252], "summary": {"covered_lines": 78, "num_statements": 81, "percent_covered": 96.29629629629629, "percent_covered_display": "96", "missing_lines": 3, "excluded_lines": 0}, "missing_lines": [253, 254, 256], "excluded_lines": []}}}, "admetrics/detection/ap.py": {"executed_lines": [1, 5, 6, 7, 10, 51, 53, 56, 59, 62, 63, 64, 67, 68, 69, 72, 74, 78, 79, 82, 84, 85, 86, 89, 90, 91, 93, 96, 97, 100, 101, 102, 105, 107, 118, 128, 129, 132, 133, 136, 137, 140, 141, 143, 145, 146, 147, 149, 151, 154, 188, 189, 192, 193, 194, 197, 199, 200, 202, 205, 206, 214, 215, 216, 217, 220, 223, 229, 234, 242, 261, 262, 264, 265, 266, 268, 269, 276, 277, 279, 280, 281, 282, 284, 292, 310, 317], "summary": {"covered_lines": 86, "num_statements": 88, "percent_covered": 97.72727272727273, "percent_covered_display": "98", "missing_lines": 2, "excluded_lines": 0}, "missing_lines": [75, 203], "excluded_lines": [], "functions": {"calculate_ap": {"executed_lines": [51, 53, 56, 59, 62, 63, 64, 67, 68, 69, 72, 74, 78, 79, 82, 84, 85, 86, 89, 90, 91, 93, 96, 97, 100, 101, 102, 105, 107], "summary": {"covered_lines": 29, "num_statements": 30, "percent_covered": 96.66666666666667, "percent_covered_display": "97", "missing_lines": 1, "excluded_lines": 0}, "missing_lines": [75], "excluded_lines": []}, "_compute_ap_interp": {"executed_lines": [128, 129, 132, 133, 136, 137, 140, 141, 143, 145, 146, 147, 149, 151], "summary": {"covered_lines": 14, "num_statements": 14, "percent_covered": 100.0, "percent_covered_display": "100", "missing_lines": 0, "excluded_lines": 0}, "missing_lines": [], "excluded_lines": []}, "calculate_map": {"executed_lines": [188, 189, 192, 193, 194, 197, 199, 200, 202, 205, 206, 214, 215, 216, 217, 220, 223, 229, 234], "summary": {"covered_lines": 19, "num_statements": 20, "percent_covered": 95.0, "percent_covered_display": "95", "missing_lines": 1, "excluded_lines": 0}, "missing_lines": [203], "excluded_lines": []}, "calculate_ap_coco_style": {"executed_lines": [261, 262, 264, 265, 266, 268, 269, 276, 277, 279, 280, 281, 282, 284], "summary": {"covered_lines": 14, "num_statements": 14, "percent_covered": 100.0, "percent_covered_display": "100", "missing_lines": 0, "excluded_lines": 0}, "missing_lines": [], "excluded_lines": []}, "calculate_precision_recall_curve": {"executed_lines": [310, 317], "summary": {"covered_lines": 2, "num_statements": 2, "percent_covered": 100.0, "percent_covered_display": "100", "missing_lines": 0, "excluded_lines": 0}, "missing_lines": [], "excluded_lines": []}, "": {"executed_lines": [1, 5, 6, 7, 10, 118, 154, 242, 292], "summary": {"covered_lines": 8, "num_statements": 8, "percent_covered": 100.0, "percent_covered_display": "100", "missing_lines": 0, "excluded_lines": 0}, "missing_lines": [], "excluded_lines": []}}, "classes": {"": {"executed_lines": [1, 5, 6, 7, 10, 51, 53, 56, 59, 62, 63, 64, 67, 68, 69, 72, 74, 78, 79, 82, 84, 85, 86, 89, 90, 91, 93, 96, 97, 100, 101, 102, 105, 107, 118, 128, 129, 132, 133, 136, 137, 140, 141, 143, 145, 146, 147, 149, 151, 154, 188, 189, 192, 193, 194, 197, 199, 200, 202, 205, 206, 214, 215, 216, 217, 220, 223, 229, 234, 242, 261, 262, 264, 265, 266, 268, 269, 276, 277, 279, 280, 281, 282, 284, 292, 310, 317], "summary": {"covered_lines": 86, "num_statements": 88, "percent_covered": 97.72727272727273, "percent_covered_display": "98", "missing_lines": 2, "excluded_lines": 0}, "missing_lines": [75, 203], "excluded_lines": []}}}, "admetrics/detection/confusion.py": {"executed_lines": [1, 5, 6, 9, 34, 36, 39, 41, 42, 45, 46, 47, 49, 51, 55, 56, 58, 60, 61, 62, 65, 66, 67, 69, 72, 74, 81, 109, 111, 112, 113, 116, 119, 122, 124, 134, 157, 159, 161, 162, 166, 169, 172, 173, 174, 177, 178, 180, 181, 182, 184, 186, 187, 188, 191, 192, 193, 194, 195, 196, 197, 204, 205, 206, 209, 212, 215, 217, 218, 219, 221, 230, 237], "summary": {"covered_lines": 72, "num_statements": 80, "percent_covered": 90.0, "percent_covered_display": "90", "missing_lines": 8, "excluded_lines": 0}, "missing_lines": [52, 175, 201, 263, 265, 266, 268, 270], "excluded_lines": [], "functions": {"calculate_tp_fp_fn": {"executed_lines": [34, 36, 39, 41, 42, 45, 46, 47, 49, 51, 55, 56, 58, 60, 61, 62, 65, 66, 67, 69, 72, 74], "summary": {"covered_lines": 22, "num_statements": 23, "percent_covered": 95.65217391304348, "percent_covered_display": "96", "missing_lines": 1, "excluded_lines": 0}, "missing_lines": [52], "excluded_lines": []}, "calculate_confusion_metrics": {"executed_lines": [109, 111, 112, 113, 116, 119, 122, 124], "summary": {"covered_lines": 8, "num_statements": 8, "percent_covered": 100.0, "percent_covered_display": "100", "missing_lines": 0, "excluded_lines": 0}, "missing_lines": [], "excluded_lines": []}, "calculate_confusion_matrix_multiclass": {"executed_lines": [157, 159, 161, 162, 166, 169, 172, 173, 174, 177, 178, 180, 181, 182, 184, 186, 187, 188, 191, 192, 193, 194, 195, 196, 197, 204, 205, 206, 209, 212, 215, 217, 218, 219, 221, 230], "summary": {"covered_lines": 36, "num_statements": 38, "percent_covered": 94.73684210526316, "percent_covered_display": "95", "missing_lines": 2, "excluded_lines": 0}, "missing_lines": [175, 201], "excluded_lines": []}, "calculate_specificity": {"executed_lines": [], "summary": {"covered_lines": 0, "num_statements": 5, "percent_covered": 0.0, "percent_covered_display": "0", "missing_lines": 5, "excluded_lines": 0}, "missing_lines": [263, 265, 266, 268, 270], "excluded_lines": []}, "": {"executed_lines": [1, 5, 6, 9, 81, 134, 237], "summary": {"covered_lines": 6, "num_statements": 6, "percent_covered": 100.0, "percent_covered_display": "100", "missing_lines": 0, "excluded_lines": 0}, "missing_lines": [], "excluded_lines": []}}, "classes": {"": {"executed_lines": [1, 5, 6, 9, 34, 36, 39, 41, 42, 45, 46, 47, 49, 51, 55, 56, 58, 60, 61, 62, 65, 66, 67, 69, 72, 74, 81, 109, 111, 112, 113, 116, 119, 122, 124, 134, 157, 159, 161, 162, 166, 169, 172, 173, 174, 177, 178, 180, 181, 182, 184, 186, 187, 188, 191, 192, 193, 194, 195, 196, 197, 204, 205, 206, 209, 212, 215, 217, 218, 219, 221, 230, 237], "summary": {"covered_lines": 72, "num_statements": 80, "percent_covered": 90.0, "percent_covered_display": "90", "missing_lines": 8, "excluded_lines": 0}, "missing_lines": [52, 175, 201, 263, 265, 266, 268, 270], "excluded_lines": []}}}, "admetrics/detection/distance.py": {"executed_lines": [1, 5, 6, 9, 31, 32, 34, 35, 37, 39, 40, 42, 43, 45, 47, 49, 52, 74, 75, 77, 78, 81, 82, 84, 85, 86, 87, 91, 94, 112, 113, 115, 116, 117, 122, 123, 124, 125, 126, 127, 128, 129, 130, 131, 132, 133, 137, 138, 140, 141, 142, 143, 144, 145, 147, 155, 171, 172, 174, 175, 176, 177, 178, 180, 181, 182, 183, 184, 186, 190, 193, 214, 217, 220, 221, 223, 224, 225, 227, 228, 229, 231, 234, 236, 237, 238, 240, 241, 244, 249, 251, 252, 259, 261, 269, 289, 291, 292, 295, 296, 297, 298, 301, 304, 307, 308, 309, 311, 312, 313, 315, 318, 320, 321, 322, 325, 327, 328, 329, 330, 331, 333, 334, 336, 338, 339, 340, 345, 346, 347, 349, 350, 351, 352, 353, 355], "summary": {"covered_lines": 135, "num_statements": 143, "percent_covered": 94.4055944055944, "percent_covered_display": "94", "missing_lines": 8, "excluded_lines": 0}, "missing_lines": [89, 119, 120, 135, 188, 232, 316, 342], "excluded_lines": [], "functions": {"calculate_center_distance": {"executed_lines": [31, 32, 34, 35, 37, 39, 40, 42, 43, 45, 47, 49], "summary": {"covered_lines": 12, "num_statements": 12, "percent_covered": 100.0, "percent_covered_display": "100", "missing_lines": 0, "excluded_lines": 0}, "missing_lines": [], "excluded_lines": []}, "calculate_orientation_error": {"executed_lines": [74, 75, 77, 78, 81, 82, 84, 85, 86, 87, 91], "summary": {"covered_lines": 11, "num_statements": 12, "percent_covered": 91.66666666666667, "percent_covered_display": "92", "missing_lines": 1, "excluded_lines": 0}, "missing_lines": [89], "excluded_lines": []}, "calculate_size_error": {"executed_lines": [112, 113, 115, 116, 117, 122, 123, 124, 125, 126, 127, 128, 129, 130, 131, 132, 133, 137, 138, 140, 141, 142, 143, 144, 145, 147], "summary": {"covered_lines": 26, "num_statements": 29, "percent_covered": 89.65517241379311, "percent_covered_display": "90", "missing_lines": 3, "excluded_lines": 0}, "missing_lines": [119, 120, 135], "excluded_lines": []}, "calculate_velocity_error": {"executed_lines": [171, 172, 174, 175, 176, 177, 178, 180, 181, 182, 183, 184, 186, 190], "summary": {"covered_lines": 14, "num_statements": 15, "percent_covered": 93.33333333333333, "percent_covered_display": "93", "missing_lines": 1, "excluded_lines": 0}, "missing_lines": [188], "excluded_lines": []}, "calculate_average_distance_error": {"executed_lines": [214, 217, 220, 221, 223, 224, 225, 227, 228, 229, 231, 234, 236, 237, 238, 240, 241, 244, 249, 251, 252, 259, 261], "summary": {"covered_lines": 23, "num_statements": 24, "percent_covered": 95.83333333333333, "percent_covered_display": "96", "missing_lines": 1, "excluded_lines": 0}, "missing_lines": [232], "excluded_lines": []}, "calculate_translation_error_bins": {"executed_lines": [289, 291, 292, 295, 296, 297, 298, 301, 304, 307, 308, 309, 311, 312, 313, 315, 318, 320, 321, 322, 325, 327, 328, 329, 330, 331, 333, 334, 336, 338, 339, 340, 345, 346, 347, 349, 350, 351, 352, 353, 355], "summary": {"covered_lines": 41, "num_statements": 43, "percent_covered": 95.34883720930233, "percent_covered_display": "95", "missing_lines": 2, "excluded_lines": 0}, "missing_lines": [316, 342], "excluded_lines": []}, "": {"executed_lines": [1, 5, 6, 9, 52, 94, 155, 193, 269], "summary": {"covered_lines": 8, "num_statements": 8, "percent_covered": 100.0, "percent_covered_display": "100", "missing_lines": 0, "excluded_lines": 0}, "missing_lines": [], "excluded_lines": []}}, "classes": {"": {"executed_lines": [1, 5, 6, 9, 31, 32, 34, 35, 37, 39, 40, 42, 43, 45, 47, 49, 52, 74, 75, 77, 78, 81, 82, 84, 85, 86, 87, 91, 94, 112, 113, 115, 116, 117, 122, 123, 124, 125, 126, 127, 128, 129, 130, 131, 132, 133, 137, 138, 140, 141, 142, 143, 144, 145, 147, 155, 171, 172, 174, 175, 176, 177, 178, 180, 181, 182, 183, 184, 186, 190, 193, 214, 217, 220, 221, 223, 224, 225, 227, 228, 229, 231, 234, 236, 237, 238, 240, 241, 244, 249, 251, 252, 259, 261, 269, 289, 291, 292, 295, 296, 297, 298, 301, 304, 307, 308, 309, 311, 312, 313, 315, 318, 320, 321, 322, 325, 327, 328, 329, 330, 331, 333, 334, 336, 338, 339, 340, 345, 346, 347, 349, 350, 351, 352, 353, 355], "summary": {"covered_lines": 135, "num_statements": 143, "percent_covered": 94.4055944055944, "percent_covered_display": "94", "missing_lines": 8, "excluded_lines": 0}, "missing_lines": [89, 119, 120, 135, 188, 232, 316, 342], "excluded_lines": []}}}, "admetrics/detection/iou.py": {"executed_lines": [1, 5, 6, 9, 33, 34, 37, 39, 40, 44, 45, 46, 52, 53, 56, 58, 59, 62, 63, 66, 67, 68, 73, 74, 76, 78, 81, 84, 107, 108, 110, 112, 113, 116, 117, 118, 123, 125, 128, 131, 141, 144, 145, 148, 150, 151, 153, 156, 162, 164, 165, 171, 179, 180, 186, 187, 188, 190, 193, 204, 206, 209, 211, 212, 213, 214, 216, 217, 220, 221, 223, 225, 226, 227, 229, 230, 232, 233, 235, 236, 237, 239, 240, 241, 242, 243, 244, 245, 246, 248, 249, 251, 254, 264, 267, 268, 270, 272, 275, 300, 301, 302, 304, 306, 307, 308, 310, 313, 332, 333, 335, 338, 339, 340, 346, 347, 348, 349, 350, 351, 353, 355, 356, 357, 359, 361], "summary": {"covered_lines": 125, "num_statements": 138, "percent_covered": 90.57971014492753, "percent_covered_display": "91", "missing_lines": 13, "excluded_lines": 0}, "missing_lines": [48, 49, 70, 71, 79, 120, 121, 126, 167, 218, 265, 342, 343], "excluded_lines": [], "functions": {"calculate_iou_3d": {"executed_lines": [33, 34, 37, 39, 40, 44, 45, 46, 52, 53, 56, 58, 59, 62, 63, 66, 67, 68, 73, 74, 76, 78, 81], "summary": {"covered_lines": 23, "num_statements": 28, "percent_covered": 82.14285714285714, "percent_covered_display": "82", "missing_lines": 5, "excluded_lines": 0}, "missing_lines": [48, 49, 70, 71, 79], "excluded_lines": []}, "calculate_iou_bev": {"executed_lines": [107, 108, 110, 112, 113, 116, 117, 118, 123, 125, 128], "summary": {"covered_lines": 11, "num_statements": 14, "percent_covered": 78.57142857142857, "percent_covered_display": "79", "missing_lines": 3, "excluded_lines": 0}, "missing_lines": [120, 121, 126], "excluded_lines": []}, "_calculate_bev_intersection": {"executed_lines": [141, 144, 145, 148, 150, 151, 153], "summary": {"covered_lines": 7, "num_statements": 7, "percent_covered": 100.0, "percent_covered_display": "100", "missing_lines": 0, "excluded_lines": 0}, "missing_lines": [], "excluded_lines": []}, "_get_bev_corners": {"executed_lines": [162, 164, 165, 171, 179, 180, 186, 187, 188, 190], "summary": {"covered_lines": 10, "num_statements": 11, "percent_covered": 90.9090909090909, "percent_covered_display": "91", "missing_lines": 1, "excluded_lines": 0}, "missing_lines": [167], "excluded_lines": []}, "_polygon_intersection": {"executed_lines": [204, 209, 223, 225, 226, 227, 229, 230, 232, 233, 235, 236, 237, 239, 240, 241, 242, 243, 244, 245, 246, 248, 249, 251], "summary": {"covered_lines": 24, "num_statements": 24, "percent_covered": 100.0, "percent_covered_display": "100", "missing_lines": 0, "excluded_lines": 0}, "missing_lines": [], "excluded_lines": []}, "_polygon_intersection._is_inside": {"executed_lines": [206], "summary": {"covered_lines": 1, "num_statements": 1, "percent_covered": 100.0, "percent_covered_display": "100", "missing_lines": 0, "excluded_lines": 0}, "missing_lines": [], "excluded_lines": []}, "_polygon_intersection._line_intersect": {"executed_lines": [211, 212, 213, 214, 216, 217, 220, 221], "summary": {"covered_lines": 8, "num_statements": 9, "percent_covered": 88.88888888888889, "percent_covered_display": "89", "missing_lines": 1, "excluded_lines": 0}, "missing_lines": [218], "excluded_lines": []}, "_polygon_area": {"executed_lines": [264, 267, 268, 270, 272], "summary": {"covered_lines": 5, "num_statements": 6, "percent_covered": 83.33333333333333, "percent_covered_display": "83", "missing_lines": 1, "excluded_lines": 0}, "missing_lines": [265], "excluded_lines": []}, "calculate_iou_batch": {"executed_lines": [300, 301, 302, 304, 306, 307, 308, 310], "summary": {"covered_lines": 8, "num_statements": 8, "percent_covered": 100.0, "percent_covered_display": "100", "missing_lines": 0, "excluded_lines": 0}, "missing_lines": [], "excluded_lines": []}, "calculate_giou_3d": {"executed_lines": [332, 333, 335, 338, 339, 340, 346, 347, 348, 349, 350, 351, 353, 355, 356, 357, 359, 361], "summary": {"covered_lines": 18, "num_statements": 20, "percent_covered": 90.0, "percent_covered_display": "90", "missing_lines": 2, "excluded_lines": 0}, "missing_lines": [342, 343], "excluded_lines": []}, "": {"executed_lines": [1, 5, 6, 9, 84, 131, 156, 193, 254, 275, 313], "summary": {"covered_lines": 10, "num_statements": 10, "percent_covered": 100.0, "percent_covered_display": "100", "missing_lines": 0, "excluded_lines": 0}, "missing_lines": [], "excluded_lines": []}}, "classes": {"": {"executed_lines": [1, 5, 6, 9, 33, 34, 37, 39, 40, 44, 45, 46, 52, 53, 56, 58, 59, 62, 63, 66, 67, 68, 73, 74, 76, 78, 81, 84, 107, 108, 110, 112, 113, 116, 117, 118, 123, 125, 128, 131, 141, 144, 145, 148, 150, 151, 153, 156, 162, 164, 165, 171, 179, 180, 186, 187, 188, 190, 193, 204, 206, 209, 211, 212, 213, 214, 216, 217, 220, 221, 223, 225, 226, 227, 229, 230, 232, 233, 235, 236, 237, 239, 240, 241, 242, 243, 244, 245, 246, 248, 249, 251, 254, 264, 267, 268, 270, 272, 275, 300, 301, 302, 304, 306, 307, 308, 310, 313, 332, 333, 335, 338, 339, 340, 346, 347, 348, 349, 350, 351, 353, 355, 356, 357, 359, 361], "summary": {"covered_lines": 125, "num_statements": 138, "percent_covered": 90.57971014492753, "percent_covered_display": "91", "missing_lines": 13, "excluded_lines": 0}, "missing_lines": [48, 49, 70, 71, 79, 120, 121, 126, 167, 218, 265, 342, 343], "excluded_lines": []}}}, "admetrics/detection/nds.py": {"executed_lines": [1, 8, 9, 12, 50, 53, 61, 64, 72, 73, 74, 75, 77, 79, 82, 103, 104, 107, 110, 111, 114, 115, 116, 118, 119, 120, 122, 125, 127, 128, 129, 131, 132, 133, 135, 136, 146, 147, 148, 149, 150, 152, 154, 155, 156, 157, 160, 161, 162, 165, 166, 169, 170, 171, 172, 173, 176, 181, 182, 183, 184, 185, 187, 197, 213, 216, 224, 227, 234, 235, 236, 237, 239, 242, 243, 244, 245, 247, 248, 254, 256], "summary": {"covered_lines": 80, "num_statements": 83, "percent_covered": 96.3855421686747, "percent_covered_display": "96", "missing_lines": 3, "excluded_lines": 0}, "missing_lines": [123, 177, 178], "excluded_lines": [], "functions": {"calculate_nds": {"executed_lines": [50, 53, 61, 64, 72, 73, 74, 75, 77, 79], "summary": {"covered_lines": 10, "num_statements": 10, "percent_covered": 100.0, "percent_covered_display": "100", "missing_lines": 0, "excluded_lines": 0}, "missing_lines": [], "excluded_lines": []}, "calculate_tp_metrics": {"executed_lines": [103, 104, 107, 110, 111, 114, 115, 116, 118, 119, 120, 122, 125, 127, 128, 129, 131, 132, 133, 135, 136, 146, 147, 148, 149, 150, 152, 154, 155, 156, 157, 160, 161, 162, 165, 166, 169, 170, 171, 172, 173, 176, 181, 182, 183, 184, 185, 187], "summary": {"covered_lines": 48, "num_statements": 51, "percent_covered": 94.11764705882354, "percent_covered_display": "94", "missing_lines": 3, "excluded_lines": 0}, "missing_lines": [123, 177, 178], "excluded_lines": []}, "calculate_nds_detailed": {"executed_lines": [213, 216, 224, 227, 234, 235, 236, 237, 239, 242, 243, 244, 245, 247, 248, 254, 256], "summary": {"covered_lines": 17, "num_statements": 17, "percent_covered": 100.0, "percent_covered_display": "100", "missing_lines": 0, "excluded_lines": 0}, "missing_lines": [], "excluded_lines": []}, "": {"executed_lines": [1, 8, 9, 12, 82, 197], "summary": {"covered_lines": 5, "num_statements": 5, "percent_covered": 100.0, "percent_covered_display": "100", "missing_lines": 0, "excluded_lines": 0}, "missing_lines": [], "excluded_lines": []}}, "classes": {"": {"executed_lines": [1, 8, 9, 12, 50, 53, 61, 64, 72, 73, 74, 75, 77, 79, 82, 103, 104, 107, 110, 111, 114, 115, 116, 118, 119, 120, 122, 125, 127, 128, 129, 131, 132, 133, 135, 136, 146, 147, 148, 149, 150, 152, 154, 155, 156, 157, 160, 161, 162, 165, 166, 169, 170, 171, 172, 173, 176, 181, 182, 183, 184, 185, 187, 197, 213, 216, 224, 227, 234, 235, 236, 237, 239, 242, 243, 244, 245, 247, 248, 254, 256], "summary": {"covered_lines": 80, "num_statements": 83, "percent_covered": 96.3855421686747, "percent_covered_display": "96", "missing_lines": 3, "excluded_lines": 0}, "missing_lines": [123, 177, 178], "excluded_lines": []}}}, "admetrics/localization/__init__.py": {"executed_lines": [1, 3, 14], "summary": {"covered_lines": 2, "num_statements": 2, "percent_covered": 100.0, "percent_covered_display": "100", "missing_lines": 0, "excluded_lines": 0}, "missing_lines": [], "excluded_lines": [], "functions": {"": {"executed_lines": [1, 3, 14], "summary": {"covered_lines": 2, "num_statements": 2, "percent_covered": 100.0, "percent_covered_display": "100", "missing_lines": 0, "excluded_lines": 0}, "missing_lines": [], "excluded_lines": []}}, "classes": {"": {"executed_lines": [1, 3, 14], "summary": {"covered_lines": 2, "num_statements": 2, "percent_covered": 100.0, "percent_covered_display": "100", "missing_lines": 0, "excluded_lines": 0}, "missing_lines": [], "excluded_lines": []}}}, "admetrics/localization/localization.py": {"executed_lines": [1, 9, 10, 13, 39, 40, 42, 43, 48, 49, 52, 56, 58, 68, 91, 92, 94, 95, 98, 99, 101, 103, 104, 107, 109, 110, 112, 113, 116, 117, 119, 120, 123, 124, 126, 127, 128, 130, 133, 158, 159, 162, 164, 165, 166, 168, 169, 174, 175, 177, 187, 210, 211, 213, 214, 216, 218, 220, 222, 223, 225, 228, 230, 233, 236, 239, 240, 242, 244, 247, 248, 250, 261, 278, 279, 281, 282, 284, 286, 287, 288, 289, 290, 292, 294, 297, 298, 300, 302, 304, 313, 332, 334, 335, 337, 340, 342, 343, 349, 350, 353, 354, 355, 356, 358, 360, 369, 389, 390, 392, 395, 396, 399, 400, 403, 404, 407, 408, 409, 412, 413, 416, 417, 419, 422, 441, 442, 444, 446, 448, 450, 451, 453, 454, 456, 457, 459, 461, 464, 465, 467, 479, 518, 528, 531, 533, 536, 538], "summary": {"covered_lines": 147, "num_statements": 162, "percent_covered": 90.74074074074075, "percent_covered_display": "91", "missing_lines": 15, "excluded_lines": 0}, "missing_lines": [53, 171, 489, 490, 492, 493, 496, 499, 502, 505, 506, 507, 510, 513, 515], "excluded_lines": [], "functions": {"calculate_ate": {"executed_lines": [39, 40, 42, 43, 48, 49, 52, 56, 58], "summary": {"covered_lines": 9, "num_statements": 10, "percent_covered": 90.0, "percent_covered_display": "90", "missing_lines": 1, "excluded_lines": 0}, "missing_lines": [53], "excluded_lines": []}, "calculate_rte": {"executed_lines": [91, 92, 94, 95, 98, 99, 101, 103, 104, 107, 109, 110, 112, 113, 116, 117, 119, 120, 123, 124, 126, 127, 128, 130], "summary": {"covered_lines": 24, "num_statements": 24, "percent_covered": 100.0, "percent_covered_display": "100", "missing_lines": 0, "excluded_lines": 0}, "missing_lines": [], "excluded_lines": []}, "calculate_are": {"executed_lines": [158, 159, 162, 164, 165, 166, 168, 169, 174, 175, 177], "summary": {"covered_lines": 11, "num_statements": 12, "percent_covered": 91.66666666666667, "percent_covered_display": "92", "missing_lines": 1, "excluded_lines": 0}, "missing_lines": [171], "excluded_lines": []}, "calculate_lateral_error": {"executed_lines": [210, 211, 213, 214, 216, 218, 220, 222, 223, 225, 228, 230, 233, 236, 239, 240, 242, 244, 247, 248, 250], "summary": {"covered_lines": 21, "num_statements": 21, "percent_covered": 100.0, "percent_covered_display": "100", "missing_lines": 0, "excluded_lines": 0}, "missing_lines": [], "excluded_lines": []}, "calculate_longitudinal_error": {"executed_lines": [278, 279, 281, 282, 284, 286, 287, 288, 289, 290, 292, 294, 297, 298, 300, 302, 304], "summary": {"covered_lines": 17, "num_statements": 17, "percent_covered": 100.0, "percent_covered_display": "100", "missing_lines": 0, "excluded_lines": 0}, "missing_lines": [], "excluded_lines": []}, "calculate_convergence_rate": {"executed_lines": [332, 334, 335, 337, 340, 342, 343, 349, 350, 353, 354, 355, 356, 358, 360], "summary": {"covered_lines": 15, "num_statements": 15, "percent_covered": 100.0, "percent_covered_display": "100", "missing_lines": 0, "excluded_lines": 0}, "missing_lines": [], "excluded_lines": []}, "calculate_localization_metrics": {"executed_lines": [389, 390, 392, 395, 396, 399, 400, 403, 404, 407, 408, 409, 412, 413, 416, 417, 419], "summary": {"covered_lines": 17, "num_statements": 17, "percent_covered": 100.0, "percent_covered_display": "100", "missing_lines": 0, "excluded_lines": 0}, "missing_lines": [], "excluded_lines": []}, "calculate_map_alignment_score": {"executed_lines": [441, 442, 444, 446, 448, 450, 451, 453, 454, 456, 457, 459, 461, 464, 465, 467], "summary": {"covered_lines": 16, "num_statements": 16, "percent_covered": 100.0, "percent_covered_display": "100", "missing_lines": 0, "excluded_lines": 0}, "missing_lines": [], "excluded_lines": []}, "_align_trajectories": {"executed_lines": [], "summary": {"covered_lines": 0, "num_statements": 13, "percent_covered": 0.0, "percent_covered_display": "0", "missing_lines": 13, "excluded_lines": 0}, "missing_lines": [489, 490, 492, 493, 496, 499, 502, 505, 506, 507, 510, 513, 515], "excluded_lines": []}, "_quaternion_to_yaw": {"executed_lines": [528, 531, 533], "summary": {"covered_lines": 3, "num_statements": 3, "percent_covered": 100.0, "percent_covered_display": "100", "missing_lines": 0, "excluded_lines": 0}, "missing_lines": [], "excluded_lines": []}, "_normalize_angles": {"executed_lines": [538], "summary": {"covered_lines": 1, "num_statements": 1, "percent_covered": 100.0, "percent_covered_display": "100", "missing_lines": 0, "excluded_lines": 0}, "missing_lines": [], "excluded_lines": []}, "": {"executed_lines": [1, 9, 10, 13, 68, 133, 187, 261, 313, 369, 422, 479, 518, 536], "summary": {"covered_lines": 13, "num_statements": 13, "percent_covered": 100.0, "percent_covered_display": "100", "missing_lines": 0, "excluded_lines": 0}, "missing_lines": [], "excluded_lines": []}}, "classes": {"": {"executed_lines": [1, 9, 10, 13, 39, 40, 42, 43, 48, 49, 52, 56, 58, 68, 91, 92, 94, 95, 98, 99, 101, 103, 104, 107, 109, 110, 112, 113, 116, 117, 119, 120, 123, 124, 126, 127, 128, 130, 133, 158, 159, 162, 164, 165, 166, 168, 169, 174, 175, 177, 187, 210, 211, 213, 214, 216, 218, 220, 222, 223, 225, 228, 230, 233, 236, 239, 240, 242, 244, 247, 248, 250, 261, 278, 279, 281, 282, 284, 286, 287, 288, 289, 290, 292, 294, 297, 298, 300, 302, 304, 313, 332, 334, 335, 337, 340, 342, 343, 349, 350, 353, 354, 355, 356, 358, 360, 369, 389, 390, 392, 395, 396, 399, 400, 403, 404, 407, 408, 409, 412, 413, 416, 417, 419, 422, 441, 442, 444, 446, 448, 450, 451, 453, 454, 456, 457, 459, 461, 464, 465, 467, 479, 518, 528, 531, 533, 536, 538], "summary": {"covered_lines": 147, "num_statements": 162, "percent_covered": 90.74074074074075, "percent_covered_display": "91", "missing_lines": 15, "excluded_lines": 0}, "missing_lines": [53, 171, 489, 490, 492, 493, 496, 499, 502, 505, 506, 507, 510, 513, 515], "excluded_lines": []}}}, "admetrics/occupancy/__init__.py": {"executed_lines": [1, 3, 12], "summary": {"covered_lines": 2, "num_statements": 2, "percent_covered": 100.0, "percent_covered_display": "100", "missing_lines": 0, "excluded_lines": 0}, "missing_lines": [], "excluded_lines": [], "functions": {"": {"executed_lines": [1, 3, 12], "summary": {"covered_lines": 2, "num_statements": 2, "percent_covered": 100.0, "percent_covered_display": "100", "missing_lines": 0, "excluded_lines": 0}, "missing_lines": [], "excluded_lines": []}}, "classes": {"": {"executed_lines": [1, 3, 12], "summary": {"covered_lines": 2, "num_statements": 2, "percent_covered": 100.0, "percent_covered_display": "100", "missing_lines": 0, "excluded_lines": 0}, "missing_lines": [], "excluded_lines": []}}}, "admetrics/occupancy/occupancy.py": {"executed_lines": [1, 9, 10, 11, 14, 37, 38, 43, 45, 47, 48, 51, 52, 54, 55, 57, 58, 60, 63, 91, 92, 96, 97, 99, 100, 102, 103, 104, 106, 107, 109, 110, 112, 113, 114, 117, 120, 121, 123, 130, 159, 164, 166, 167, 168, 170, 171, 173, 174, 175, 177, 178, 179, 181, 191, 222, 227, 230, 231, 234, 235, 236, 239, 240, 241, 243, 244, 247, 248, 249, 253, 254, 256, 257, 258, 259, 260, 262, 263, 265, 266, 268, 272, 281, 309, 310, 312, 313, 320, 323, 325, 329, 331, 332, 333, 335, 336, 338, 341, 372, 373, 378, 379, 382, 384, 387, 388, 390, 392, 393, 395, 396, 405, 406, 409, 412, 414, 421, 422, 424, 426], "summary": {"covered_lines": 120, "num_statements": 123, "percent_covered": 97.5609756097561, "percent_covered_display": "98", "missing_lines": 3, "excluded_lines": 0}, "missing_lines": [160, 223, 270], "excluded_lines": [], "functions": {"occupancy_iou": {"executed_lines": [37, 38, 43, 45, 47, 48, 51, 52, 54, 55, 57, 58, 60], "summary": {"covered_lines": 13, "num_statements": 13, "percent_covered": 100.0, "percent_covered_display": "100", "missing_lines": 0, "excluded_lines": 0}, "missing_lines": [], "excluded_lines": []}, "mean_iou": {"executed_lines": [91, 92, 96, 97, 99, 100, 102, 103, 104, 106, 107, 109, 110, 112, 113, 114, 117, 120, 121, 123], "summary": {"covered_lines": 20, "num_statements": 20, "percent_covered": 100.0, "percent_covered_display": "100", "missing_lines": 0, "excluded_lines": 0}, "missing_lines": [], "excluded_lines": []}, "occupancy_precision_recall": {"executed_lines": [159, 164, 166, 167, 168, 170, 171, 173, 174, 175, 177, 178, 179, 181], "summary": {"covered_lines": 14, "num_statements": 15, "percent_covered": 93.33333333333333, "percent_covered_display": "93", "missing_lines": 1, "excluded_lines": 0}, "missing_lines": [160], "excluded_lines": []}, "scene_completion": {"executed_lines": [222, 227, 230, 231, 234, 235, 236, 239, 240, 241, 243, 244, 247, 248, 249, 253, 254, 256, 257, 258, 259, 260, 262, 263, 265, 266, 268, 272], "summary": {"covered_lines": 28, "num_statements": 30, "percent_covered": 93.33333333333333, "percent_covered_display": "93", "missing_lines": 2, "excluded_lines": 0}, "missing_lines": [223, 270], "excluded_lines": []}, "chamfer_distance": {"executed_lines": [309, 310, 312, 313, 320, 323, 325, 329, 331, 332, 333, 335, 336, 338], "summary": {"covered_lines": 14, "num_statements": 14, "percent_covered": 100.0, "percent_covered_display": "100", "missing_lines": 0, "excluded_lines": 0}, "missing_lines": [], "excluded_lines": []}, "surface_distance": {"executed_lines": [372, 373, 378, 379, 382, 392, 393, 395, 396, 405, 406, 409, 412, 414, 421, 422, 424, 426], "summary": {"covered_lines": 18, "num_statements": 18, "percent_covered": 100.0, "percent_covered_display": "100", "missing_lines": 0, "excluded_lines": 0}, "missing_lines": [], "excluded_lines": []}, "surface_distance.get_surface_voxels": {"executed_lines": [384, 387, 388, 390], "summary": {"covered_lines": 4, "num_statements": 4, "percent_covered": 100.0, "percent_covered_display": "100", "missing_lines": 0, "excluded_lines": 0}, "missing_lines": [], "excluded_lines": []}, "": {"executed_lines": [1, 9, 10, 11, 14, 63, 130, 191, 281, 341], "summary": {"covered_lines": 9, "num_statements": 9, "percent_covered": 100.0, "percent_covered_display": "100", "missing_lines": 0, "excluded_lines": 0}, "missing_lines": [], "excluded_lines": []}}, "classes": {"": {"executed_lines": [1, 9, 10, 11, 14, 37, 38, 43, 45, 47, 48, 51, 52, 54, 55, 57, 58, 60, 63, 91, 92, 96, 97, 99, 100, 102, 103, 104, 106, 107, 109, 110, 112, 113, 114, 117, 120, 121, 123, 130, 159, 164, 166, 167, 168, 170, 171, 173, 174, 175, 177, 178, 179, 181, 191, 222, 227, 230, 231, 234, 235, 236, 239, 240, 241, 243, 244, 247, 248, 249, 253, 254, 256, 257, 258, 259, 260, 262, 263, 265, 266, 268, 272, 281, 309, 310, 312, 313, 320, 323, 325, 329, 331, 332, 333, 335, 336, 338, 341, 372, 373, 378, 379, 382, 384, 387, 388, 390, 392, 393, 395, 396, 405, 406, 409, 412, 414, 421, 422, 424, 426], "summary": {"covered_lines": 120, "num_statements": 123, "percent_covered": 97.5609756097561, "percent_covered_display": "98", "missing_lines": 3, "excluded_lines": 0}, "missing_lines": [160, 223, 270], "excluded_lines": []}}}, "admetrics/planning/__init__.py": {"executed_lines": [1, 3, 17], "summary": {"covered_lines": 2, "num_statements": 2, "percent_covered": 100.0, "percent_covered_display": "100", "missing_lines": 0, "excluded_lines": 0}, "missing_lines": [], "excluded_lines": [], "functions": {"": {"executed_lines": [1, 3, 17], "summary": {"covered_lines": 2, "num_statements": 2, "percent_covered": 100.0, "percent_covered_display": "100", "missing_lines": 0, "excluded_lines": 0}, "missing_lines": [], "excluded_lines": []}}, "classes": {"": {"executed_lines": [1, 3, 17], "summary": {"covered_lines": 2, "num_statements": 2, "percent_covered": 100.0, "percent_covered_display": "100", "missing_lines": 0, "excluded_lines": 0}, "missing_lines": [], "excluded_lines": []}}}, "admetrics/planning/planning.py": {"executed_lines": [1, 9, 10, 11, 12, 15, 39, 40, 45, 47, 48, 50, 51, 53, 56, 88, 89, 92, 93, 95, 96, 98, 99, 101, 103, 104, 107, 108, 112, 115, 116, 117, 118, 120, 121, 122, 124, 132, 160, 161, 164, 165, 166, 169, 170, 171, 174, 175, 177, 179, 180, 181, 182, 183, 185, 186, 187, 189, 192, 193, 195, 203, 231, 232, 234, 236, 237, 238, 240, 241, 243, 251, 278, 281, 284, 286, 287, 290, 291, 292, 293, 294, 295, 299, 301, 308, 334, 336, 338, 339, 340, 341, 343, 346, 347, 348, 350, 358, 384, 388, 389, 391, 393, 401, 426, 429, 430, 432, 439, 471, 474, 475, 485, 486, 487, 490, 491, 494, 495, 496, 501, 502, 503, 504, 505, 507, 508, 510, 520, 558, 565, 566, 569, 571, 574, 575, 578, 579, 582, 583, 586, 593, 602, 627, 628, 631, 632, 633, 636, 637, 640, 642], "summary": {"covered_lines": 151, "num_statements": 159, "percent_covered": 94.96855345911949, "percent_covered_display": "95", "missing_lines": 8, "excluded_lines": 0}, "missing_lines": [49, 110, 279, 297, 385, 427, 472, 498], "excluded_lines": [], "functions": {"l2_distance": {"executed_lines": [39, 40, 45, 47, 48, 50, 51, 53], "summary": {"covered_lines": 8, "num_statements": 9, "percent_covered": 88.88888888888889, "percent_covered_display": "89", "missing_lines": 1, "excluded_lines": 0}, "missing_lines": [49], "excluded_lines": []}, "collision_rate": {"executed_lines": [88, 89, 92, 93, 95, 96, 98, 99, 101, 103, 104, 107, 108, 112, 115, 116, 117, 118, 120, 121, 122, 124], "summary": {"covered_lines": 22, "num_statements": 23, "percent_covered": 95.65217391304348, "percent_covered_display": "96", "missing_lines": 1, "excluded_lines": 0}, "missing_lines": [110], "excluded_lines": []}, "progress_score": {"executed_lines": [160, 161, 164, 165, 166, 169, 170, 171, 174, 175, 177, 179, 180, 181, 182, 183, 185, 186, 187, 189, 192, 193, 195], "summary": {"covered_lines": 23, "num_statements": 23, "percent_covered": 100.0, "percent_covered_display": "100", "missing_lines": 0, "excluded_lines": 0}, "missing_lines": [], "excluded_lines": []}, "route_completion": {"executed_lines": [231, 232, 234, 236, 237, 238, 240, 241, 243], "summary": {"covered_lines": 9, "num_statements": 9, "percent_covered": 100.0, "percent_covered_display": "100", "missing_lines": 0, "excluded_lines": 0}, "missing_lines": [], "excluded_lines": []}, "average_displacement_error_planning": {"executed_lines": [278, 281, 284, 286, 287, 290, 291, 292, 293, 294, 295, 299, 301], "summary": {"covered_lines": 13, "num_statements": 15, "percent_covered": 86.66666666666667, "percent_covered_display": "87", "missing_lines": 2, "excluded_lines": 0}, "missing_lines": [279, 297], "excluded_lines": []}, "lateral_deviation": {"executed_lines": [334, 336, 338, 339, 340, 341, 343, 346, 347, 348, 350], "summary": {"covered_lines": 11, "num_statements": 11, "percent_covered": 100.0, "percent_covered_display": "100", "missing_lines": 0, "excluded_lines": 0}, "missing_lines": [], "excluded_lines": []}, "heading_error": {"executed_lines": [384, 388, 389, 391, 393], "summary": {"covered_lines": 5, "num_statements": 6, "percent_covered": 83.33333333333333, "percent_covered_display": "83", "missing_lines": 1, "excluded_lines": 0}, "missing_lines": [385], "excluded_lines": []}, "velocity_error": {"executed_lines": [426, 429, 430, 432], "summary": {"covered_lines": 4, "num_statements": 5, "percent_covered": 80.0, "percent_covered_display": "80", "missing_lines": 1, "excluded_lines": 0}, "missing_lines": [427], "excluded_lines": []}, "comfort_metrics": {"executed_lines": [471, 474, 475, 485, 486, 487, 490, 491, 494, 495, 496, 501, 502, 503, 504, 505, 507, 508, 510], "summary": {"covered_lines": 19, "num_statements": 21, "percent_covered": 90.47619047619048, "percent_covered_display": "90", "missing_lines": 2, "excluded_lines": 0}, "missing_lines": [472, 498], "excluded_lines": []}, "driving_score": {"executed_lines": [558, 565, 566, 569, 571, 574, 575, 578, 579, 582, 583, 586, 593], "summary": {"covered_lines": 13, "num_statements": 13, "percent_covered": 100.0, "percent_covered_display": "100", "missing_lines": 0, "excluded_lines": 0}, "missing_lines": [], "excluded_lines": []}, "planning_kl_divergence": {"executed_lines": [627, 628, 631, 632, 633, 636, 637, 640, 642], "summary": {"covered_lines": 9, "num_statements": 9, "percent_covered": 100.0, "percent_covered_display": "100", "missing_lines": 0, "excluded_lines": 0}, "missing_lines": [], "excluded_lines": []}, "": {"executed_lines": [1, 9, 10, 11, 12, 15, 56, 132, 203, 251, 308, 358, 401, 439, 520, 602], "summary": {"covered_lines": 15, "num_statements": 15, "percent_covered": 100.0, "percent_covered_display": "100", "missing_lines": 0, "excluded_lines": 0}, "missing_lines": [], "excluded_lines": []}}, "classes": {"": {"executed_lines": [1, 9, 10, 11, 12, 15, 39, 40, 45, 47, 48, 50, 51, 53, 56, 88, 89, 92, 93, 95, 96, 98, 99, 101, 103, 104, 107, 108, 112, 115, 116, 117, 118, 120, 121, 122, 124, 132, 160, 161, 164, 165, 166, 169, 170, 171, 174, 175, 177, 179, 180, 181, 182, 183, 185, 186, 187, 189, 192, 193, 195, 203, 231, 232, 234, 236, 237, 238, 240, 241, 243, 251, 278, 281, 284, 286, 287, 290, 291, 292, 293, 294, 295, 299, 301, 308, 334, 336, 338, 339, 340, 341, 343, 346, 347, 348, 350, 358, 384, 388, 389, 391, 393, 401, 426, 429, 430, 432, 439, 471, 474, 475, 485, 486, 487, 490, 491, 494, 495, 496, 501, 502, 503, 504, 505, 507, 508, 510, 520, 558, 565, 566, 569, 571, 574, 575, 578, 579, 582, 583, 586, 593, 602, 627, 628, 631, 632, 633, 636, 637, 640, 642], "summary": {"covered_lines": 151, "num_statements": 159, "percent_covered": 94.96855345911949, "percent_covered_display": "95", "missing_lines": 8, "excluded_lines": 0}, "missing_lines": [49, 110, 279, 297, 385, 427, 472, 498], "excluded_lines": []}}}, "admetrics/prediction/__init__.py": {"executed_lines": [1, 3, 16], "summary": {"covered_lines": 2, "num_statements": 2, "percent_covered": 100.0, "percent_covered_display": "100", "missing_lines": 0, "excluded_lines": 0}, "missing_lines": [], "excluded_lines": [], "functions": {"": {"executed_lines": [1, 3, 16], "summary": {"covered_lines": 2, "num_statements": 2, "percent_covered": 100.0, "percent_covered_display": "100", "missing_lines": 0, "excluded_lines": 0}, "missing_lines": [], "excluded_lines": []}}, "classes": {"": {"executed_lines": [1, 3, 16], "summary": {"covered_lines": 2, "num_statements": 2, "percent_covered": 100.0, "percent_covered_display": "100", "missing_lines": 0, "excluded_lines": 0}, "missing_lines": [], "excluded_lines": []}}}, "admetrics/prediction/trajectory.py": {"executed_lines": [1, 8, 9, 10, 13, 35, 36, 38, 39, 45, 47, 50, 72, 73, 75, 82, 84, 87, 111, 112, 114, 122, 148, 149, 151, 157, 158, 160, 161, 162, 164, 166, 173, 174, 176, 179, 195, 196, 198, 204, 205, 207, 208, 209, 211, 213, 220, 223, 226, 251, 252, 254, 259, 262, 263, 265, 267, 270, 271, 272, 273, 275, 278, 280, 287, 314, 315, 316, 318, 321, 322, 328, 330, 331, 332, 333, 334, 337, 339, 340, 342, 343, 344, 345, 348, 351, 353, 355, 358, 359, 362, 363, 369, 371, 375, 376, 377, 379, 383, 385, 393, 418, 419, 421, 423, 424, 427, 428, 434, 445, 446, 447, 449, 457, 478, 480, 481, 482, 484, 485, 486, 487, 489, 491, 492, 493, 494, 496, 498, 506, 528, 530, 531, 532, 534, 536, 537, 539, 540, 541, 542, 543, 545, 548, 550, 551, 553, 554, 555, 557, 559, 567, 578, 579, 580, 582, 583, 584, 586, 587, 588, 589, 590, 591, 592, 594, 596], "summary": {"covered_lines": 166, "num_statements": 175, "percent_covered": 94.85714285714286, "percent_covered_display": "95", "missing_lines": 9, "excluded_lines": 0}, "missing_lines": [76, 152, 199, 221, 255, 324, 325, 365, 367], "excluded_lines": [], "functions": {"calculate_ade": {"executed_lines": [35, 36, 38, 39, 45, 47], "summary": {"covered_lines": 6, "num_statements": 6, "percent_covered": 100.0, "percent_covered_display": "100", "missing_lines": 0, "excluded_lines": 0}, "missing_lines": [], "excluded_lines": []}, "calculate_fde": {"executed_lines": [72, 73, 75, 82, 84], "summary": {"covered_lines": 5, "num_statements": 6, "percent_covered": 83.33333333333333, "percent_covered_display": "83", "missing_lines": 1, "excluded_lines": 0}, "missing_lines": [76], "excluded_lines": []}, "calculate_miss_rate": {"executed_lines": [111, 112, 114], "summary": {"covered_lines": 3, "num_statements": 3, "percent_covered": 100.0, "percent_covered_display": "100", "missing_lines": 0, "excluded_lines": 0}, "missing_lines": [], "excluded_lines": []}, "calculate_multimodal_ade": {"executed_lines": [148, 149, 151, 157, 158, 160, 161, 162, 164, 166, 173, 174, 176], "summary": {"covered_lines": 13, "num_statements": 14, "percent_covered": 92.85714285714286, "percent_covered_display": "93", "missing_lines": 1, "excluded_lines": 0}, "missing_lines": [152], "excluded_lines": []}, "calculate_multimodal_fde": {"executed_lines": [195, 196, 198, 204, 205, 207, 208, 209, 211, 213, 220, 223], "summary": {"covered_lines": 12, "num_statements": 14, "percent_covered": 85.71428571428571, "percent_covered_display": "86", "missing_lines": 2, "excluded_lines": 0}, "missing_lines": [199, 221], "excluded_lines": []}, "calculate_brier_fde": {"executed_lines": [251, 252, 254, 259, 262, 263, 265, 267, 270, 271, 272, 273, 275, 278, 280], "summary": {"covered_lines": 15, "num_statements": 16, "percent_covered": 93.75, "percent_covered_display": "94", "missing_lines": 1, "excluded_lines": 0}, "missing_lines": [255], "excluded_lines": []}, "calculate_nll": {"executed_lines": [314, 315, 316, 318, 321, 322, 328, 330, 331, 332, 333, 334, 337, 339, 340, 342, 343, 344, 345, 348, 351, 353, 355, 358, 359, 362, 363, 369, 371, 375, 376, 377, 379, 383, 385], "summary": {"covered_lines": 35, "num_statements": 39, "percent_covered": 89.74358974358974, "percent_covered_display": "90", "missing_lines": 4, "excluded_lines": 0}, "missing_lines": [324, 325, 365, 367], "excluded_lines": []}, "calculate_trajectory_metrics": {"executed_lines": [418, 419, 421, 423, 424, 427, 428, 434, 445, 446, 447, 449], "summary": {"covered_lines": 12, "num_statements": 12, "percent_covered": 100.0, "percent_covered_display": "100", "missing_lines": 0, "excluded_lines": 0}, "missing_lines": [], "excluded_lines": []}, "calculate_collision_rate": {"executed_lines": [478, 480, 481, 482, 484, 485, 486, 487, 489, 491, 492, 493, 494, 496, 498], "summary": {"covered_lines": 15, "num_statements": 15, "percent_covered": 100.0, "percent_covered_display": "100", "missing_lines": 0, "excluded_lines": 0}, "missing_lines": [], "excluded_lines": []}, "calculate_drivable_area_compliance": {"executed_lines": [528, 530, 531, 532, 534, 536, 537, 539, 540, 541, 542, 543, 545, 548, 550, 551, 553, 554, 555, 557, 559], "summary": {"covered_lines": 21, "num_statements": 21, "percent_covered": 100.0, "percent_covered_display": "100", "missing_lines": 0, "excluded_lines": 0}, "missing_lines": [], "excluded_lines": []}, "_point_in_polygon": {"executed_lines": [578, 579, 580, 582, 583, 584, 586, 587, 588, 589, 590, 591, 592, 594, 596], "summary": {"covered_lines": 15, "num_statements": 15, "percent_covered": 100.0, "percent_covered_display": "100", "missing_lines": 0, "excluded_lines": 0}, "missing_lines": [], "excluded_lines": []}, "": {"executed_lines": [1, 8, 9, 10, 13, 50, 87, 122, 179, 226, 287, 393, 457, 506, 567], "summary": {"covered_lines": 14, "num_statements": 14, "percent_covered": 100.0, "percent_covered_display": "100", "missing_lines": 0, "excluded_lines": 0}, "missing_lines": [], "excluded_lines": []}}, "classes": {"": {"executed_lines": [1, 8, 9, 10, 13, 35, 36, 38, 39, 45, 47, 50, 72, 73, 75, 82, 84, 87, 111, 112, 114, 122, 148, 149, 151, 157, 158, 160, 161, 162, 164, 166, 173, 174, 176, 179, 195, 196, 198, 204, 205, 207, 208, 209, 211, 213, 220, 223, 226, 251, 252, 254, 259, 262, 263, 265, 267, 270, 271, 272, 273, 275, 278, 280, 287, 314, 315, 316, 318, 321, 322, 328, 330, 331, 332, 333, 334, 337, 339, 340, 342, 343, 344, 345, 348, 351, 353, 355, 358, 359, 362, 363, 369, 371, 375, 376, 377, 379, 383, 385, 393, 418, 419, 421, 423, 424, 427, 428, 434, 445, 446, 447, 449, 457, 478, 480, 481, 482, 484, 485, 486, 487, 489, 491, 492, 493, 494, 496, 498, 506, 528, 530, 531, 532, 534, 536, 537, 539, 540, 541, 542, 543, 545, 548, 550, 551, 553, 554, 555, 557, 559, 567, 578, 579, 580, 582, 583, 584, 586, 587, 588, 589, 590, 591, 592, 594, 596], "summary": {"covered_lines": 166, "num_statements": 175, "percent_covered": 94.85714285714286, "percent_covered_display": "95", "missing_lines": 9, "excluded_lines": 0}, "missing_lines": [76, 152, 199, 221, 255, 324, 325, 365, 367], "excluded_lines": []}}}, "admetrics/simulation/__init__.py": {"executed_lines": [1, 8, 18], "summary": {"covered_lines": 2, "num_statements": 2, "percent_covered": 100.0, "percent_covered_display": "100", "missing_lines": 0, "excluded_lines": 0}, "missing_lines": [], "excluded_lines": [], "functions": {"": {"executed_lines": [1, 8, 18], "summary": {"covered_lines": 2, "num_statements": 2, "percent_covered": 100.0, "percent_covered_display": "100", "missing_lines": 0, "excluded_lines": 0}, "missing_lines": [], "excluded_lines": []}}, "classes": {"": {"executed_lines": [1, 8, 18], "summary": {"covered_lines": 2, "num_statements": 2, "percent_covered": 100.0, "percent_covered_display": "100", "missing_lines": 0, "excluded_lines": 0}, "missing_lines": [], "excluded_lines": []}}}, "admetrics/simulation/sensor_quality.py": {"executed_lines": [1, 8, 9, 10, 11, 14, 44, 45, 47, 48, 50, 53, 54, 55, 56, 58, 59, 62, 64, 65, 66, 67, 69, 70, 72, 73, 74, 75, 76, 78, 81, 82, 83, 84, 85, 88, 89, 92, 93, 95, 96, 98, 101, 102, 103, 104, 105, 108, 109, 110, 111, 112, 114, 117, 145, 148, 149, 153, 156, 158, 161, 164, 165, 166, 169, 170, 171, 173, 176, 177, 178, 181, 182, 184, 185, 186, 189, 190, 191, 192, 194, 197, 199, 200, 201, 203, 204, 206, 207, 208, 211, 212, 214, 215, 216, 218, 219, 220, 221, 223, 225, 228, 254, 257, 258, 259, 261, 265, 266, 268, 269, 270, 271, 274, 275, 276, 278, 279, 280, 282, 283, 284, 285, 287, 290, 291, 292, 295, 296, 297, 299, 300, 301, 302, 304, 306, 309, 339, 342, 343, 345, 346, 347, 351, 352, 354, 355, 356, 359, 379, 382, 409, 411, 412, 413, 416, 426, 427, 429, 432, 433, 435, 436, 437, 438, 440, 441, 442, 445, 446, 447, 448, 449, 451, 452, 455, 456, 457, 460, 461, 463, 464, 465, 466, 467, 470, 471, 473, 474, 475, 477, 480, 504, 506, 510, 511, 512, 513, 516, 517, 518, 519, 521, 525, 526, 528, 531, 532, 534, 535, 537, 538, 539, 543, 544, 546, 547, 548, 551, 552, 553, 556, 557, 558, 561, 562, 564, 567], "summary": {"covered_lines": 227, "num_statements": 319, "percent_covered": 71.15987460815047, "percent_covered_display": "71", "missing_lines": 92, "excluded_lines": 0}, "missing_lines": [154, 159, 262, 360, 361, 363, 364, 365, 368, 369, 370, 372, 373, 375, 376, 377, 418, 419, 420, 421, 422, 423, 507, 522, 554, 559, 597, 599, 600, 603, 604, 606, 608, 609, 610, 612, 614, 615, 617, 619, 620, 621, 622, 624, 625, 626, 628, 630, 631, 632, 633, 634, 636, 637, 638, 640, 641, 642, 644, 646, 647, 648, 649, 651, 652, 653, 655, 657, 658, 659, 660, 661, 664, 665, 666, 668, 669, 670, 672, 673, 674, 676, 677, 678, 681, 682, 683, 685, 686, 687, 688, 690], "excluded_lines": [], "functions": {"camera_image_quality": {"executed_lines": [44, 45, 47, 48, 50, 53, 54, 55, 56, 58, 59, 62, 64, 65, 66, 67, 69, 70, 72, 73, 74, 75, 76, 78, 81, 82, 83, 84, 85, 88, 89, 92, 93, 95, 96, 98, 101, 102, 103, 104, 105, 108, 109, 110, 111, 112, 114], "summary": {"covered_lines": 47, "num_statements": 47, "percent_covered": 100.0, "percent_covered_display": "100", "missing_lines": 0, "excluded_lines": 0}, "missing_lines": [], "excluded_lines": []}, "lidar_point_cloud_quality": {"executed_lines": [145, 148, 149, 153, 156, 158, 161, 164, 165, 166, 169, 170, 171, 173, 176, 177, 178, 181, 182, 184, 185, 186, 189, 190, 191, 192, 194, 197, 199, 200, 201, 203, 204, 206, 207, 208, 211, 212, 214, 215, 216, 218, 219, 220, 221, 223, 225], "summary": {"covered_lines": 47, "num_statements": 49, "percent_covered": 95.91836734693878, "percent_covered_display": "96", "missing_lines": 2, "excluded_lines": 0}, "missing_lines": [154, 159], "excluded_lines": []}, "radar_quality": {"executed_lines": [254, 257, 258, 259, 261, 265, 266, 268, 269, 270, 271, 274, 275, 276, 278, 279, 280, 282, 283, 284, 285, 287, 290, 291, 292, 295, 296, 297, 299, 300, 301, 302, 304, 306], "summary": {"covered_lines": 34, "num_statements": 35, "percent_covered": 97.14285714285714, "percent_covered_display": "97", "missing_lines": 1, "excluded_lines": 0}, "missing_lines": [262], "excluded_lines": []}, "sensor_noise_characteristics": {"executed_lines": [339, 342, 343, 345, 346, 347, 351, 352, 354, 355, 356, 359, 379], "summary": {"covered_lines": 13, "num_statements": 26, "percent_covered": 50.0, "percent_covered_display": "50", "missing_lines": 13, "excluded_lines": 0}, "missing_lines": [360, 361, 363, 364, 365, 368, 369, 370, 372, 373, 375, 376, 377], "excluded_lines": []}, "multimodal_sensor_alignment": {"executed_lines": [409, 411, 412, 413, 416, 426, 427, 429, 432, 433, 435, 436, 437, 438, 440, 441, 442, 445, 446, 447, 448, 449, 451, 452, 455, 456, 457, 460, 461, 463, 464, 465, 466, 467, 470, 471, 473, 474, 475, 477], "summary": {"covered_lines": 40, "num_statements": 46, "percent_covered": 86.95652173913044, "percent_covered_display": "87", "missing_lines": 6, "excluded_lines": 0}, "missing_lines": [418, 419, 420, 421, 422, 423], "excluded_lines": []}, "temporal_consistency": {"executed_lines": [504, 506, 510, 511, 512, 513, 516, 517, 518, 519, 521, 525, 526, 528, 531, 532, 534, 535, 537, 538, 539, 543, 544, 546, 547, 548, 551, 552, 553, 556, 557, 558, 561, 562, 564], "summary": {"covered_lines": 35, "num_statements": 39, "percent_covered": 89.74358974358974, "percent_covered_display": "90", "missing_lines": 4, "excluded_lines": 0}, "missing_lines": [507, 522, 554, 559], "excluded_lines": []}, "perception_sim2real_gap": {"executed_lines": [], "summary": {"covered_lines": 0, "num_statements": 66, "percent_covered": 0.0, "percent_covered_display": "0", "missing_lines": 66, "excluded_lines": 0}, "missing_lines": [597, 599, 600, 603, 604, 606, 608, 609, 610, 612, 614, 615, 617, 619, 620, 621, 622, 624, 625, 626, 628, 630, 631, 632, 633, 634, 636, 637, 638, 640, 641, 642, 644, 646, 647, 648, 649, 651, 652, 653, 655, 657, 658, 659, 660, 661, 664, 665, 666, 668, 669, 670, 672, 673, 674, 676, 677, 678, 681, 682, 683, 685, 686, 687, 688, 690], "excluded_lines": []}, "": {"executed_lines": [1, 8, 9, 10, 11, 14, 117, 228, 309, 382, 480, 567], "summary": {"covered_lines": 11, "num_statements": 11, "percent_covered": 100.0, "percent_covered_display": "100", "missing_lines": 0, "excluded_lines": 0}, "missing_lines": [], "excluded_lines": []}}, "classes": {"": {"executed_lines": [1, 8, 9, 10, 11, 14, 44, 45, 47, 48, 50, 53, 54, 55, 56, 58, 59, 62, 64, 65, 66, 67, 69, 70, 72, 73, 74, 75, 76, 78, 81, 82, 83, 84, 85, 88, 89, 92, 93, 95, 96, 98, 101, 102, 103, 104, 105, 108, 109, 110, 111, 112, 114, 117, 145, 148, 149, 153, 156, 158, 161, 164, 165, 166, 169, 170, 171, 173, 176, 177, 178, 181, 182, 184, 185, 186, 189, 190, 191, 192, 194, 197, 199, 200, 201, 203, 204, 206, 207, 208, 211, 212, 214, 215, 216, 218, 219, 220, 221, 223, 225, 228, 254, 257, 258, 259, 261, 265, 266, 268, 269, 270, 271, 274, 275, 276, 278, 279, 280, 282, 283, 284, 285, 287, 290, 291, 292, 295, 296, 297, 299, 300, 301, 302, 304, 306, 309, 339, 342, 343, 345, 346, 347, 351, 352, 354, 355, 356, 359, 379, 382, 409, 411, 412, 413, 416, 426, 427, 429, 432, 433, 435, 436, 437, 438, 440, 441, 442, 445, 446, 447, 448, 449, 451, 452, 455, 456, 457, 460, 461, 463, 464, 465, 466, 467, 470, 471, 473, 474, 475, 477, 480, 504, 506, 510, 511, 512, 513, 516, 517, 518, 519, 521, 525, 526, 528, 531, 532, 534, 535, 537, 538, 539, 543, 544, 546, 547, 548, 551, 552, 553, 556, 557, 558, 561, 562, 564, 567], "summary": {"covered_lines": 227, "num_statements": 319, "percent_covered": 71.15987460815047, "percent_covered_display": "71", "missing_lines": 92, "excluded_lines": 0}, "missing_lines": [154, 159, 262, 360, 361, 363, 364, 365, 368, 369, 370, 372, 373, 375, 376, 377, 418, 419, 420, 421, 422, 423, 507, 522, 554, 559, 597, 599, 600, 603, 604, 606, 608, 609, 610, 612, 614, 615, 617, 619, 620, 621, 622, 624, 625, 626, 628, 630, 631, 632, 633, 634, 636, 637, 638, 640, 641, 642, 644, 646, 647, 648, 649, 651, 652, 653, 655, 657, 658, 659, 660, 661, 664, 665, 666, 668, 669, 670, 672, 673, 674, 676, 677, 678, 681, 682, 683, 685, 686, 687, 688, 690], "excluded_lines": []}}}, "admetrics/tracking/__init__.py": {"executed_lines": [1, 3, 12], "summary": {"covered_lines": 2, "num_statements": 2, "percent_covered": 100.0, "percent_covered_display": "100", "missing_lines": 0, "excluded_lines": 0}, "missing_lines": [], "excluded_lines": [], "functions": {"": {"executed_lines": [1, 3, 12], "summary": {"covered_lines": 2, "num_statements": 2, "percent_covered": 100.0, "percent_covered_display": "100", "missing_lines": 0, "excluded_lines": 0}, "missing_lines": [], "excluded_lines": []}}, "classes": {"": {"executed_lines": [1, 3, 12], "summary": {"covered_lines": 2, "num_statements": 2, "percent_covered": 100.0, "percent_covered_display": "100", "missing_lines": 0, "excluded_lines": 0}, "missing_lines": [], "excluded_lines": []}}}, "admetrics/tracking/tracking.py": {"executed_lines": [1, 8, 9, 10, 13, 33, 35, 37, 38, 39, 40, 42, 52, 54, 56, 66, 88, 89, 92, 95, 96, 98, 99, 100, 102, 103, 104, 106, 109, 111, 112, 113, 115, 116, 119, 124, 126, 127, 133, 135, 144, 160, 161, 163, 169, 210, 211, 214, 215, 216, 217, 218, 219, 222, 225, 226, 229, 230, 235, 236, 238, 241, 242, 243, 244, 247, 252, 253, 254, 256, 259, 260, 263, 264, 266, 267, 269, 271, 272, 273, 276, 278, 279, 282, 286, 287, 290, 291, 292, 294, 295, 296, 298, 299, 300, 301, 306, 308, 326, 344, 345, 347, 348, 350, 354, 356, 357, 359, 362, 363, 366, 369, 372, 373, 374, 375, 378, 379, 381, 382, 384, 387, 407, 409, 410, 418, 419, 421, 424, 426, 427, 428, 429, 430, 433, 435, 437, 438, 440, 441, 442, 443, 444, 445, 447, 448, 450, 453, 479, 482, 483, 484, 488, 489, 491, 492, 497, 498, 500, 502, 503, 504, 507, 508, 509, 511, 512, 514, 515, 516, 519, 522, 526, 527, 529, 530, 534, 535, 538, 539, 541, 543, 546, 549, 551, 561, 580, 581, 582, 585, 587, 588, 591, 592, 594, 596, 597, 598, 600, 601, 603, 607, 608, 609, 611, 612, 614, 615, 618, 623, 628, 629, 630, 632], "summary": {"covered_lines": 213, "num_statements": 239, "percent_covered": 89.1213389121339, "percent_covered_display": "89", "missing_lines": 26, "excluded_lines": 0}, "missing_lines": [43, 107, 232, 233, 283, 284, 303, 351, 360, 412, 413, 414, 415, 416, 493, 494, 495, 520, 531, 544, 589, 604, 619, 620, 624, 625], "excluded_lines": [], "functions": {"calculate_mota": {"executed_lines": [33, 35, 37, 38, 39, 40, 42, 52, 54, 56], "summary": {"covered_lines": 10, "num_statements": 11, "percent_covered": 90.9090909090909, "percent_covered_display": "91", "missing_lines": 1, "excluded_lines": 0}, "missing_lines": [43], "excluded_lines": []}, "calculate_motp": {"executed_lines": [88, 89, 92, 95, 96, 98, 99, 100, 102, 103, 104, 106, 109, 111, 112, 113, 115, 116, 119, 124, 126, 127, 133, 135], "summary": {"covered_lines": 24, "num_statements": 25, "percent_covered": 96.0, "percent_covered_display": "96", "missing_lines": 1, "excluded_lines": 0}, "missing_lines": [107], "excluded_lines": []}, "calculate_clearmot_metrics": {"executed_lines": [160, 161, 163], "summary": {"covered_lines": 3, "num_statements": 3, "percent_covered": 100.0, "percent_covered_display": "100", "missing_lines": 0, "excluded_lines": 0}, "missing_lines": [], "excluded_lines": []}, "calculate_multi_frame_mota": {"executed_lines": [210, 211, 214, 215, 216, 217, 218, 219, 222, 225, 226, 229, 230, 235, 236, 238, 241, 242, 243, 244, 247, 252, 253, 254, 256, 259, 260, 263, 264, 266, 267, 269, 271, 272, 273, 276, 278, 279, 282, 286, 287, 290, 291, 292, 294, 295, 296, 298, 299, 300, 301, 306, 308], "summary": {"covered_lines": 53, "num_statements": 58, "percent_covered": 91.37931034482759, "percent_covered_display": "91", "missing_lines": 5, "excluded_lines": 0}, "missing_lines": [232, 233, 283, 284, 303], "excluded_lines": []}, "_match_frame": {"executed_lines": [344, 345, 347, 348, 350, 354, 356, 357, 359, 362, 363, 366, 369, 372, 373, 374, 375, 378, 379, 381, 382, 384], "summary": {"covered_lines": 22, "num_statements": 24, "percent_covered": 91.66666666666667, "percent_covered_display": "92", "missing_lines": 2, "excluded_lines": 0}, "missing_lines": [351, 360], "excluded_lines": []}, "_count_fragmentations": {"executed_lines": [407, 409, 410, 418, 419, 421, 424, 426, 427, 428, 429, 430, 433, 435, 437, 438, 440, 441, 442, 443, 444, 445, 447, 448, 450], "summary": {"covered_lines": 25, "num_statements": 30, "percent_covered": 83.33333333333333, "percent_covered_display": "83", "missing_lines": 5, "excluded_lines": 0}, "missing_lines": [412, 413, 414, 415, 416], "excluded_lines": []}, "calculate_hota": {"executed_lines": [479, 482, 483, 484, 488, 489, 491, 492, 497, 498, 500, 502, 503, 504, 507, 508, 509, 511, 512, 514, 515, 516, 519, 522, 526, 527, 529, 530, 534, 535, 538, 539, 541, 543, 546, 549, 551], "summary": {"covered_lines": 37, "num_statements": 43, "percent_covered": 86.04651162790698, "percent_covered_display": "86", "missing_lines": 6, "excluded_lines": 0}, "missing_lines": [493, 494, 495, 520, 531, 544], "excluded_lines": []}, "calculate_id_f1": {"executed_lines": [580, 581, 582, 585, 587, 588, 591, 592, 594, 596, 597, 598, 600, 601, 603, 607, 608, 609, 611, 612, 614, 615, 618, 623, 628, 629, 630, 632], "summary": {"covered_lines": 28, "num_statements": 34, "percent_covered": 82.3529411764706, "percent_covered_display": "82", "missing_lines": 6, "excluded_lines": 0}, "missing_lines": [589, 604, 619, 620, 624, 625], "excluded_lines": []}, "": {"executed_lines": [1, 8, 9, 10, 13, 66, 144, 169, 326, 387, 453, 561], "summary": {"covered_lines": 11, "num_statements": 11, "percent_covered": 100.0, "percent_covered_display": "100", "missing_lines": 0, "excluded_lines": 0}, "missing_lines": [], "excluded_lines": []}}, "classes": {"": {"executed_lines": [1, 8, 9, 10, 13, 33, 35, 37, 38, 39, 40, 42, 52, 54, 56, 66, 88, 89, 92, 95, 96, 98, 99, 100, 102, 103, 104, 106, 109, 111, 112, 113, 115, 116, 119, 124, 126, 127, 133, 135, 144, 160, 161, 163, 169, 210, 211, 214, 215, 216, 217, 218, 219, 222, 225, 226, 229, 230, 235, 236, 238, 241, 242, 243, 244, 247, 252, 253, 254, 256, 259, 260, 263, 264, 266, 267, 269, 271, 272, 273, 276, 278, 279, 282, 286, 287, 290, 291, 292, 294, 295, 296, 298, 299, 300, 301, 306, 308, 326, 344, 345, 347, 348, 350, 354, 356, 357, 359, 362, 363, 366, 369, 372, 373, 374, 375, 378, 379, 381, 382, 384, 387, 407, 409, 410, 418, 419, 421, 424, 426, 427, 428, 429, 430, 433, 435, 437, 438, 440, 441, 442, 443, 444, 445, 447, 448, 450, 453, 479, 482, 483, 484, 488, 489, 491, 492, 497, 498, 500, 502, 503, 504, 507, 508, 509, 511, 512, 514, 515, 516, 519, 522, 526, 527, 529, 530, 534, 535, 538, 539, 541, 543, 546, 549, 551, 561, 580, 581, 582, 585, 587, 588, 591, 592, 594, 596, 597, 598, 600, 601, 603, 607, 608, 609, 611, 612, 614, 615, 618, 623, 628, 629, 630, 632], "summary": {"covered_lines": 213, "num_statements": 239, "percent_covered": 89.1213389121339, "percent_covered_display": "89", "missing_lines": 26, "excluded_lines": 0}, "missing_lines": [43, 107, 232, 233, 283, 284, 303, 351, 360, 412, 413, 414, 415, 416, 493, 494, 495, 520, 531, 544, 589, 604, 619, 620, 624, 625], "excluded_lines": []}}}, "admetrics/utils/__init__.py": {"executed_lines": [1, 5, 6, 7, 9], "summary": {"covered_lines": 4, "num_statements": 4, "percent_covered": 100.0, "percent_covered_display": "100", "missing_lines": 0, "excluded_lines": 0}, "missing_lines": [], "excluded_lines": [], "functions": {"": {"executed_lines": [1, 5, 6, 7, 9], "summary": {"covered_lines": 4, "num_statements": 4, "percent_covered": 100.0, "percent_covered_display": "100", "missing_lines": 0, "excluded_lines": 0}, "missing_lines": [], "excluded_lines": []}}, "classes": {"": {"executed_lines": [1, 5, 6, 7, 9], "summary": {"covered_lines": 4, "num_statements": 4, "percent_covered": 100.0, "percent_covered_display": "100", "missing_lines": 0, "excluded_lines": 0}, "missing_lines": [], "excluded_lines": []}}}, "admetrics/utils/matching.py": {"executed_lines": [1, 5, 6, 7, 10, 33, 34, 35, 36, 38, 41, 62, 64, 67, 68, 70, 71, 72, 74, 75, 77, 78, 80, 82, 83, 86, 90, 92, 93, 94, 97, 98, 99, 104, 106, 109, 129, 131, 135, 136, 138, 139, 142, 143, 144, 148, 151, 154, 155, 156, 158, 159, 161, 162, 163, 164, 165, 166, 169, 170, 172, 175, 195, 197, 199, 200, 202, 203, 204, 206, 207, 209, 210, 212, 213, 214, 216, 219, 221, 222, 223, 225, 226, 227, 231, 233, 276, 292, 293, 294, 295, 296], "summary": {"covered_lines": 91, "num_statements": 123, "percent_covered": 73.98373983739837, "percent_covered_display": "74", "missing_lines": 32, "excluded_lines": 0}, "missing_lines": [87, 101, 132, 145, 217, 229, 235, 237, 238, 240, 241, 243, 245, 246, 247, 248, 250, 251, 254, 256, 257, 258, 260, 261, 262, 263, 264, 265, 267, 268, 270, 273], "excluded_lines": [], "functions": {"match_detections": {"executed_lines": [33, 34, 35, 36, 38], "summary": {"covered_lines": 5, "num_statements": 5, "percent_covered": 100.0, "percent_covered_display": "100", "missing_lines": 0, "excluded_lines": 0}, "missing_lines": [], "excluded_lines": []}, "greedy_matching": {"executed_lines": [62, 64, 67, 68, 70, 71, 72, 74, 75, 77, 78, 80, 82, 83, 86, 90, 92, 93, 94, 97, 98, 99, 104, 106], "summary": {"covered_lines": 24, "num_statements": 26, "percent_covered": 92.3076923076923, "percent_covered_display": "92", "missing_lines": 2, "excluded_lines": 0}, "missing_lines": [87, 101], "excluded_lines": []}, "hungarian_matching": {"executed_lines": [129, 131, 135, 136, 138, 139, 142, 143, 144, 148, 151, 154, 155, 156, 158, 159, 161, 162, 163, 164, 165, 166, 169, 170, 172], "summary": {"covered_lines": 25, "num_statements": 27, "percent_covered": 92.5925925925926, "percent_covered_display": "93", "missing_lines": 2, "excluded_lines": 0}, "missing_lines": [132, 145], "excluded_lines": []}, "match_by_center_distance": {"executed_lines": [195, 197, 199, 200, 202, 203, 204, 206, 207, 209, 210, 212, 213, 214, 216, 219, 221, 222, 223, 225, 226, 227, 231, 233], "summary": {"covered_lines": 24, "num_statements": 52, "percent_covered": 46.15384615384615, "percent_covered_display": "46", "missing_lines": 28, "excluded_lines": 0}, "missing_lines": [217, 229, 235, 237, 238, 240, 241, 243, 245, 246, 247, 248, 250, 251, 254, 256, 257, 258, 260, 261, 262, 263, 264, 265, 267, 268, 270, 273], "excluded_lines": []}, "filter_matches_by_class": {"executed_lines": [292, 293, 294, 295, 296], "summary": {"covered_lines": 5, "num_statements": 5, "percent_covered": 100.0, "percent_covered_display": "100", "missing_lines": 0, "excluded_lines": 0}, "missing_lines": [], "excluded_lines": []}, "": {"executed_lines": [1, 5, 6, 7, 10, 41, 109, 175, 276], "summary": {"covered_lines": 8, "num_statements": 8, "percent_covered": 100.0, "percent_covered_display": "100", "missing_lines": 0, "excluded_lines": 0}, "missing_lines": [], "excluded_lines": []}}, "classes": {"": {"executed_lines": [1, 5, 6, 7, 10, 33, 34, 35, 36, 38, 41, 62, 64, 67, 68, 70, 71, 72, 74, 75, 77, 78, 80, 82, 83, 86, 90, 92, 93, 94, 97, 98, 99, 104, 106, 109, 129, 131, 135, 136, 138, 139, 142, 143, 144, 148, 151, 154, 155, 156, 158, 159, 161, 162, 163, 164, 165, 166, 169, 170, 172, 175, 195, 197, 199, 200, 202, 203, 204, 206, 207, 209, 210, 212, 213, 214, 216, 219, 221, 222, 223, 225, 226, 227, 231, 233, 276, 292, 293, 294, 295, 296], "summary": {"covered_lines": 91, "num_statements": 123, "percent_covered": 73.98373983739837, "percent_covered_display": "74", "missing_lines": 32, "excluded_lines": 0}, "missing_lines": [87, 101, 132, 145, 217, 229, 235, 237, 238, 240, 241, 243, 245, 246, 247, 248, 250, 251, 254, 256, 257, 258, 260, 261, 262, 263, 264, 265, 267, 268, 270, 273], "excluded_lines": []}}}, "admetrics/utils/nms.py": {"executed_lines": [1, 5, 6, 9, 34, 37, 38, 39, 45, 46, 48, 49, 51, 52, 55, 57, 59, 61, 62, 64, 65, 68, 69, 71, 77, 78, 80, 83, 101, 104, 105, 106, 112, 113, 115, 118, 119, 122, 124, 126, 127, 128, 130, 133, 134, 136, 141, 142, 144, 147, 166, 167, 168, 169, 170, 171, 174, 175, 177, 178, 181, 188, 189, 191, 194, 218, 221, 222, 223, 228, 230, 231, 233, 235, 236, 238, 241, 244, 246, 247, 248, 250, 252, 254, 264, 267, 269, 272, 290, 293, 295, 298, 299, 302, 304, 306, 307, 308, 309, 311, 312, 314, 315, 318, 324, 325, 327], "summary": {"covered_lines": 106, "num_statements": 121, "percent_covered": 87.60330578512396, "percent_covered_display": "88", "missing_lines": 15, "excluded_lines": 0}, "missing_lines": [41, 42, 108, 109, 116, 131, 225, 226, 239, 255, 257, 258, 260, 262, 296], "excluded_lines": [], "functions": {"nms_3d": {"executed_lines": [34, 37, 38, 39, 45, 46, 48, 49, 51, 52, 55, 57, 59, 61, 62, 64, 65, 68, 69, 71, 77, 78, 80], "summary": {"covered_lines": 23, "num_statements": 25, "percent_covered": 92.0, "percent_covered_display": "92", "missing_lines": 2, "excluded_lines": 0}, "missing_lines": [41, 42], "excluded_lines": []}, "nms_bev": {"executed_lines": [101, 104, 105, 106, 112, 113, 115, 118, 119, 122, 124, 126, 127, 128, 130, 133, 134, 136, 141, 142, 144], "summary": {"covered_lines": 21, "num_statements": 25, "percent_covered": 84.0, "percent_covered_display": "84", "missing_lines": 4, "excluded_lines": 0}, "missing_lines": [108, 109, 116, 131], "excluded_lines": []}, "nms_per_class": {"executed_lines": [166, 167, 168, 169, 170, 171, 174, 175, 177, 178, 181, 188, 189, 191], "summary": {"covered_lines": 14, "num_statements": 14, "percent_covered": 100.0, "percent_covered_display": "100", "missing_lines": 0, "excluded_lines": 0}, "missing_lines": [], "excluded_lines": []}, "soft_nms_3d": {"executed_lines": [218, 221, 222, 223, 228, 230, 231, 233, 235, 236, 238, 241, 244, 246, 247, 248, 250, 252, 254, 264, 267, 269], "summary": {"covered_lines": 22, "num_statements": 30, "percent_covered": 73.33333333333333, "percent_covered_display": "73", "missing_lines": 8, "excluded_lines": 0}, "missing_lines": [225, 226, 239, 255, 257, 258, 260, 262], "excluded_lines": []}, "distance_based_nms": {"executed_lines": [290, 293, 295, 298, 299, 302, 304, 306, 307, 308, 309, 311, 312, 314, 315, 318, 324, 325, 327], "summary": {"covered_lines": 19, "num_statements": 20, "percent_covered": 95.0, "percent_covered_display": "95", "missing_lines": 1, "excluded_lines": 0}, "missing_lines": [296], "excluded_lines": []}, "": {"executed_lines": [1, 5, 6, 9, 83, 147, 194, 272], "summary": {"covered_lines": 7, "num_statements": 7, "percent_covered": 100.0, "percent_covered_display": "100", "missing_lines": 0, "excluded_lines": 0}, "missing_lines": [], "excluded_lines": []}}, "classes": {"": {"executed_lines": [1, 5, 6, 9, 34, 37, 38, 39, 45, 46, 48, 49, 51, 52, 55, 57, 59, 61, 62, 64, 65, 68, 69, 71, 77, 78, 80, 83, 101, 104, 105, 106, 112, 113, 115, 118, 119, 122, 124, 126, 127, 128, 130, 133, 134, 136, 141, 142, 144, 147, 166, 167, 168, 169, 170, 171, 174, 175, 177, 178, 181, 188, 189, 191, 194, 218, 221, 222, 223, 228, 230, 231, 233, 235, 236, 238, 241, 244, 246, 247, 248, 250, 252, 254, 264, 267, 269, 272, 290, 293, 295, 298, 299, 302, 304, 306, 307, 308, 309, 311, 312, 314, 315, 318, 324, 325, 327], "summary": {"covered_lines": 106, "num_statements": 121, "percent_covered": 87.60330578512396, "percent_covered_display": "88", "missing_lines": 15, "excluded_lines": 0}, "missing_lines": [41, 42, 108, 109, 116, 131, 225, 226, 239, 255, 257, 258, 260, 262, 296], "excluded_lines": []}}}, "admetrics/utils/transforms.py": {"executed_lines": [1, 5, 6, 9, 27, 30, 31, 34, 36, 37, 38, 39, 42, 45, 46, 47, 49, 52, 68, 69, 71, 74, 77, 78, 80, 81, 84, 87, 89, 92, 106, 107, 108, 111, 132, 136, 138, 139, 140, 144, 147, 148, 149, 150, 151, 152, 159, 169, 172, 184, 185, 192, 195, 196, 197, 199, 202, 213, 216, 217, 221, 225, 226, 227, 229, 236, 251, 252, 253, 257, 259, 260, 261, 263, 266, 281, 282, 285, 303, 304, 306, 307, 309, 311, 313, 314, 317, 318, 319, 322, 323, 324, 326, 329, 339, 342, 353, 354], "summary": {"covered_lines": 97, "num_statements": 102, "percent_covered": 95.09803921568627, "percent_covered_display": "95", "missing_lines": 5, "excluded_lines": 0}, "missing_lines": [133, 142, 153, 154, 156], "excluded_lines": [], "functions": {"transform_box": {"executed_lines": [27, 30, 31, 34, 36, 37, 38, 39, 42, 45, 46, 47, 49], "summary": {"covered_lines": 13, "num_statements": 13, "percent_covered": 100.0, "percent_covered_display": "100", "missing_lines": 0, "excluded_lines": 0}, "missing_lines": [], "excluded_lines": []}, "rotate_box": {"executed_lines": [68, 69, 71, 74, 77, 78, 80, 81, 84, 87, 89], "summary": {"covered_lines": 11, "num_statements": 11, "percent_covered": 100.0, "percent_covered_display": "100", "missing_lines": 0, "excluded_lines": 0}, "missing_lines": [], "excluded_lines": []}, "translate_box": {"executed_lines": [106, 107, 108], "summary": {"covered_lines": 3, "num_statements": 3, "percent_covered": 100.0, "percent_covered_display": "100", "missing_lines": 0, "excluded_lines": 0}, "missing_lines": [], "excluded_lines": []}, "convert_box_format": {"executed_lines": [132, 136, 138, 139, 140, 144, 147, 148, 149, 150, 151, 152], "summary": {"covered_lines": 12, "num_statements": 17, "percent_covered": 70.58823529411765, "percent_covered_display": "71", "missing_lines": 5, "excluded_lines": 0}, "missing_lines": [133, 142, 153, 154, 156], "excluded_lines": []}, "center_to_corners": {"executed_lines": [169, 172, 184, 185, 192, 195, 196, 197, 199], "summary": {"covered_lines": 9, "num_statements": 9, "percent_covered": 100.0, "percent_covered_display": "100", "missing_lines": 0, "excluded_lines": 0}, "missing_lines": [], "excluded_lines": []}, "corners_to_center": {"executed_lines": [213, 216, 217, 221, 225, 226, 227, 229], "summary": {"covered_lines": 8, "num_statements": 8, "percent_covered": 100.0, "percent_covered_display": "100", "missing_lines": 0, "excluded_lines": 0}, "missing_lines": [], "excluded_lines": []}, "lidar_to_camera": {"executed_lines": [251, 252, 253, 257, 259, 260, 261, 263], "summary": {"covered_lines": 8, "num_statements": 8, "percent_covered": 100.0, "percent_covered_display": "100", "missing_lines": 0, "excluded_lines": 0}, "missing_lines": [], "excluded_lines": []}, "camera_to_lidar": {"executed_lines": [281, 282], "summary": {"covered_lines": 2, "num_statements": 2, "percent_covered": 100.0, "percent_covered_display": "100", "missing_lines": 0, "excluded_lines": 0}, "missing_lines": [], "excluded_lines": []}, "boxes_to_bev": {"executed_lines": [303, 304, 306, 307, 309, 311, 313, 314, 317, 318, 319, 322, 323, 324, 326], "summary": {"covered_lines": 15, "num_statements": 15, "percent_covered": 100.0, "percent_covered_display": "100", "missing_lines": 0, "excluded_lines": 0}, "missing_lines": [], "excluded_lines": []}, "normalize_angle": {"executed_lines": [339], "summary": {"covered_lines": 1, "num_statements": 1, "percent_covered": 100.0, "percent_covered_display": "100", "missing_lines": 0, "excluded_lines": 0}, "missing_lines": [], "excluded_lines": []}, "angle_difference": {"executed_lines": [353, 354], "summary": {"covered_lines": 2, "num_statements": 2, "percent_covered": 100.0, "percent_covered_display": "100", "missing_lines": 0, "excluded_lines": 0}, "missing_lines": [], "excluded_lines": []}, "": {"executed_lines": [1, 5, 6, 9, 52, 92, 111, 159, 202, 236, 266, 285, 329, 342], "summary": {"covered_lines": 13, "num_statements": 13, "percent_covered": 100.0, "percent_covered_display": "100", "missing_lines": 0, "excluded_lines": 0}, "missing_lines": [], "excluded_lines": []}}, "classes": {"": {"executed_lines": [1, 5, 6, 9, 27, 30, 31, 34, 36, 37, 38, 39, 42, 45, 46, 47, 49, 52, 68, 69, 71, 74, 77, 78, 80, 81, 84, 87, 89, 92, 106, 107, 108, 111, 132, 136, 138, 139, 140, 144, 147, 148, 149, 150, 151, 152, 159, 169, 172, 184, 185, 192, 195, 196, 197, 199, 202, 213, 216, 217, 221, 225, 226, 227, 229, 236, 251, 252, 253, 257, 259, 260, 261, 263, 266, 281, 282, 285, 303, 304, 306, 307, 309, 311, 313, 314, 317, 318, 319, 322, 323, 324, 326, 329, 339, 342, 353, 354], "summary": {"covered_lines": 97, "num_statements": 102, "percent_covered": 95.09803921568627, "percent_covered_display": "95", "missing_lines": 5, "excluded_lines": 0}, "missing_lines": [133, 142, 153, 154, 156], "excluded_lines": []}}}, "admetrics/utils/visualization.py": {"executed_lines": [], "summary": {"covered_lines": 0, "num_statements": 125, "percent_covered": 0.0, "percent_covered_display": "0", "missing_lines": 125, "excluded_lines": 0}, "missing_lines": [5, 6, 8, 9, 10, 11, 12, 13, 14, 17, 37, 38, 40, 42, 43, 44, 46, 47, 49, 50, 51, 54, 61, 62, 63, 66, 67, 69, 70, 71, 72, 74, 75, 77, 80, 104, 105, 107, 109, 110, 112, 113, 115, 116, 118, 121, 123, 126, 127, 128, 129, 133, 134, 136, 137, 138, 139, 140, 142, 143, 144, 145, 147, 148, 150, 153, 175, 176, 178, 179, 181, 182, 183, 184, 185, 186, 187, 188, 190, 191, 193, 196, 213, 214, 216, 217, 220, 221, 222, 225, 226, 227, 228, 231, 232, 233, 234, 235, 238, 239, 240, 241, 242, 244, 245, 247, 250, 267, 268, 270, 271, 273, 274, 275, 277, 284, 287, 288, 289, 290, 291, 295, 297, 298, 300], "excluded_lines": [], "functions": {"plot_boxes_3d": {"executed_lines": [], "summary": {"covered_lines": 0, "num_statements": 24, "percent_covered": 0.0, "percent_covered_display": "0", "missing_lines": 24, "excluded_lines": 0}, "missing_lines": [37, 38, 40, 42, 43, 44, 46, 47, 49, 50, 51, 54, 61, 62, 63, 66, 67, 69, 70, 71, 72, 74, 75, 77], "excluded_lines": []}, "plot_boxes_bev": {"executed_lines": [], "summary": {"covered_lines": 0, "num_statements": 30, "percent_covered": 0.0, "percent_covered_display": "0", "missing_lines": 30, "excluded_lines": 0}, "missing_lines": [104, 105, 107, 109, 110, 112, 113, 115, 116, 118, 121, 123, 126, 127, 128, 129, 133, 134, 136, 137, 138, 139, 140, 142, 143, 144, 145, 147, 148, 150], "excluded_lines": []}, "plot_precision_recall_curve": {"executed_lines": [], "summary": {"covered_lines": 0, "num_statements": 15, "percent_covered": 0.0, "percent_covered_display": "0", "missing_lines": 15, "excluded_lines": 0}, "missing_lines": [175, 176, 178, 179, 181, 182, 183, 184, 185, 186, 187, 188, 190, 191, 193], "excluded_lines": []}, "visualize_detection_results": {"executed_lines": [], "summary": {"covered_lines": 0, "num_statements": 24, "percent_covered": 0.0, "percent_covered_display": "0", "missing_lines": 24, "excluded_lines": 0}, "missing_lines": [213, 214, 216, 217, 220, 221, 222, 225, 226, 227, 228, 231, 232, 233, 234, 235, 238, 239, 240, 241, 242, 244, 245, 247], "excluded_lines": []}, "plot_confusion_matrix": {"executed_lines": [], "summary": {"covered_lines": 0, "num_statements": 18, "percent_covered": 0.0, "percent_covered_display": "0", "missing_lines": 18, "excluded_lines": 0}, "missing_lines": [267, 268, 270, 271, 273, 274, 275, 277, 284, 287, 288, 289, 290, 291, 295, 297, 298, 300], "excluded_lines": []}, "": {"executed_lines": [], "summary": {"covered_lines": 0, "num_statements": 14, "percent_covered": 0.0, "percent_covered_display": "0", "missing_lines": 14, "excluded_lines": 0}, "missing_lines": [5, 6, 8, 9, 10, 11, 12, 13, 14, 17, 80, 153, 196, 250], "excluded_lines": []}}, "classes": {"": {"executed_lines": [], "summary": {"covered_lines": 0, "num_statements": 125, "percent_covered": 0.0, "percent_covered_display": "0", "missing_lines": 125, "excluded_lines": 0}, "missing_lines": [5, 6, 8, 9, 10, 11, 12, 13, 14, 17, 37, 38, 40, 42, 43, 44, 46, 47, 49, 50, 51, 54, 61, 62, 63, 66, 67, 69, 70, 71, 72, 74, 75, 77, 80, 104, 105, 107, 109, 110, 112, 113, 115, 116, 118, 121, 123, 126, 127, 128, 129, 133, 134, 136, 137, 138, 139, 140, 142, 143, 144, 145, 147, 148, 150, 153, 175, 176, 178, 179, 181, 182, 183, 184, 185, 186, 187, 188, 190, 191, 193, 196, 213, 214, 216, 217, 220, 221, 222, 225, 226, 227, 228, 231, 232, 233, 234, 235, 238, 239, 240, 241, 242, 244, 245, 247, 250, 267, 268, 270, 271, 273, 274, 275, 277, 284, 287, 288, 289, 290, 291, 295, 297, 298, 300], "excluded_lines": []}}}, "admetrics/vectormap/__init__.py": {"executed_lines": [1, 9, 20], "summary": {"covered_lines": 2, "num_statements": 2, "percent_covered": 100.0, "percent_covered_display": "100", "missing_lines": 0, "excluded_lines": 0}, "missing_lines": [], "excluded_lines": [], "functions": {"": {"executed_lines": [1, 9, 20], "summary": {"covered_lines": 2, "num_statements": 2, "percent_covered": 100.0, "percent_covered_display": "100", "missing_lines": 0, "excluded_lines": 0}, "missing_lines": [], "excluded_lines": []}}, "classes": {"": {"executed_lines": [1, 9, 20], "summary": {"covered_lines": 2, "num_statements": 2, "percent_covered": 100.0, "percent_covered_display": "100", "missing_lines": 0, "excluded_lines": 0}, "missing_lines": [], "excluded_lines": []}}}, "admetrics/vectormap/vectormap.py": {"executed_lines": [1, 13, 14, 15, 18, 47, 48, 57, 60, 61, 64, 65, 68, 71, 72, 73, 74, 76, 85, 107, 108, 110, 111, 114, 116, 118, 119, 122, 124, 125, 126, 127, 128, 129, 131, 140, 142, 145, 170, 174, 177, 178, 179, 180, 182, 186, 187, 189, 191, 192, 195, 196, 198, 199, 200, 201, 205, 207, 210, 211, 214, 217, 218, 220, 221, 224, 227, 228, 231, 263, 264, 274, 275, 285, 286, 297, 299, 300, 301, 302, 305, 306, 307, 310, 311, 312, 313, 314, 317, 318, 319, 320, 321, 322, 325, 326, 327, 329, 330, 331, 333, 335, 346, 377, 378, 379, 382, 384, 385, 386, 389, 390, 391, 392, 395, 396, 397, 398, 401, 402, 403, 405, 415, 439, 440, 446, 447, 448, 450, 457, 483, 484, 491, 492, 494, 502, 504, 506, 509, 510, 512, 513, 516, 517, 520, 521, 524, 525, 526, 528, 530, 531, 534, 536, 543, 572, 575, 576, 578, 581, 582, 583, 584, 587, 588, 590, 591, 592, 594, 595, 598, 599, 601, 602, 603, 605, 606, 607, 609, 610, 611, 614, 615, 616, 617, 619, 620, 623, 624, 626, 627, 631, 632, 633, 634, 636, 637, 639, 640, 643, 645], "summary": {"covered_lines": 200, "num_statements": 205, "percent_covered": 97.5609756097561, "percent_covered_display": "98", "missing_lines": 5, "excluded_lines": 0}, "missing_lines": [171, 183, 203, 225, 495], "excluded_lines": [], "functions": {"chamfer_distance_polyline": {"executed_lines": [47, 48, 57, 60, 61, 64, 65, 68, 71, 72, 73, 74, 76], "summary": {"covered_lines": 13, "num_statements": 13, "percent_covered": 100.0, "percent_covered_display": "100", "missing_lines": 0, "excluded_lines": 0}, "missing_lines": [], "excluded_lines": []}, "frechet_distance": {"executed_lines": [107, 108, 110, 111, 114, 116, 142], "summary": {"covered_lines": 7, "num_statements": 7, "percent_covered": 100.0, "percent_covered_display": "100", "missing_lines": 0, "excluded_lines": 0}, "missing_lines": [], "excluded_lines": []}, "frechet_distance._compute_frechet": {"executed_lines": [118, 119, 122, 124, 125, 126, 127, 128, 129, 131, 140], "summary": {"covered_lines": 11, "num_statements": 11, "percent_covered": 100.0, "percent_covered_display": "100", "missing_lines": 0, "excluded_lines": 0}, "missing_lines": [], "excluded_lines": []}, "polyline_iou": {"executed_lines": [170, 174, 210, 211, 214, 217, 218, 220, 221, 224, 227, 228], "summary": {"covered_lines": 12, "num_statements": 14, "percent_covered": 85.71428571428571, "percent_covered_display": "86", "missing_lines": 2, "excluded_lines": 0}, "missing_lines": [171, 225], "excluded_lines": []}, "polyline_iou.sample_polyline": {"executed_lines": [177, 178, 179, 180, 182, 186, 187, 189, 191, 192, 195, 196, 198, 199, 200, 201, 205, 207], "summary": {"covered_lines": 18, "num_statements": 20, "percent_covered": 90.0, "percent_covered_display": "90", "missing_lines": 2, "excluded_lines": 0}, "missing_lines": [183, 203], "excluded_lines": []}, "lane_detection_metrics": {"executed_lines": [263, 264, 274, 275, 285, 286, 297, 299, 300, 301, 302, 305, 306, 307, 310, 311, 312, 313, 314, 317, 318, 319, 320, 321, 322, 325, 326, 327, 329, 330, 331, 333, 335], "summary": {"covered_lines": 33, "num_statements": 33, "percent_covered": 100.0, "percent_covered_display": "100", "missing_lines": 0, "excluded_lines": 0}, "missing_lines": [], "excluded_lines": []}, "topology_metrics": {"executed_lines": [377, 378, 379, 382, 384, 385, 386, 389, 390, 391, 392, 395, 396, 397, 398, 401, 402, 403, 405], "summary": {"covered_lines": 19, "num_statements": 19, "percent_covered": 100.0, "percent_covered_display": "100", "missing_lines": 0, "excluded_lines": 0}, "missing_lines": [], "excluded_lines": []}, "endpoint_error": {"executed_lines": [439, 440, 446, 447, 448, 450], "summary": {"covered_lines": 6, "num_statements": 6, "percent_covered": 100.0, "percent_covered_display": "100", "missing_lines": 0, "excluded_lines": 0}, "missing_lines": [], "excluded_lines": []}, "direction_accuracy": {"executed_lines": [483, 484, 491, 492, 494, 502, 504, 506, 509, 510, 512, 513, 516, 517, 520, 521, 524, 525, 526, 528, 530, 531, 534, 536], "summary": {"covered_lines": 24, "num_statements": 25, "percent_covered": 96.0, "percent_covered_display": "96", "missing_lines": 1, "excluded_lines": 0}, "missing_lines": [495], "excluded_lines": []}, "vectormap_ap": {"executed_lines": [572, 575, 576, 578, 581, 582, 583, 584, 587, 588, 590, 591, 592, 594, 595, 598, 599, 601, 602, 603, 605, 606, 607, 609, 610, 611, 614, 615, 616, 617, 619, 620, 623, 624, 626, 627, 631, 632, 633, 634, 636, 637, 639, 640, 643, 645], "summary": {"covered_lines": 46, "num_statements": 46, "percent_covered": 100.0, "percent_covered_display": "100", "missing_lines": 0, "excluded_lines": 0}, "missing_lines": [], "excluded_lines": []}, "": {"executed_lines": [1, 13, 14, 15, 18, 85, 145, 231, 346, 415, 457, 543], "summary": {"covered_lines": 11, "num_statements": 11, "percent_covered": 100.0, "percent_covered_display": "100", "missing_lines": 0, "excluded_lines": 0}, "missing_lines": [], "excluded_lines": []}}, "classes": {"": {"executed_lines": [1, 13, 14, 15, 18, 47, 48, 57, 60, 61, 64, 65, 68, 71, 72, 73, 74, 76, 85, 107, 108, 110, 111, 114, 116, 118, 119, 122, 124, 125, 126, 127, 128, 129, 131, 140, 142, 145, 170, 174, 177, 178, 179, 180, 182, 186, 187, 189, 191, 192, 195, 196, 198, 199, 200, 201, 205, 207, 210, 211, 214, 217, 218, 220, 221, 224, 227, 228, 231, 263, 264, 274, 275, 285, 286, 297, 299, 300, 301, 302, 305, 306, 307, 310, 311, 312, 313, 314, 317, 318, 319, 320, 321, 322, 325, 326, 327, 329, 330, 331, 333, 335, 346, 377, 378, 379, 382, 384, 385, 386, 389, 390, 391, 392, 395, 396, 397, 398, 401, 402, 403, 405, 415, 439, 440, 446, 447, 448, 450, 457, 483, 484, 491, 492, 494, 502, 504, 506, 509, 510, 512, 513, 516, 517, 520, 521, 524, 525, 526, 528, 530, 531, 534, 536, 543, 572, 575, 576, 578, 581, 582, 583, 584, 587, 588, 590, 591, 592, 594, 595, 598, 599, 601, 602, 603, 605, 606, 607, 609, 610, 611, 614, 615, 616, 617, 619, 620, 623, 624, 626, 627, 631, 632, 633, 634, 636, 637, 639, 640, 643, 645], "summary": {"covered_lines": 200, "num_statements": 205, "percent_covered": 97.5609756097561, "percent_covered_display": "98", "missing_lines": 5, "excluded_lines": 0}, "missing_lines": [171, 183, 203, 225, 495], "excluded_lines": []}}}}, "totals": {"covered_lines": 2130, "num_statements": 2502, "percent_covered": 85.13189448441247, "percent_covered_display": "85", "missing_lines": 372, "excluded_lines": 0}}